# JRE version: Java(TM) SE Runtime Environment (21.0.2+13) (build 21.0.2+13-LTS-58)
# Java VM: Java HotSpot(TM) 64-Bit Server VM (21.0.2+13-LTS-58, mixed mode, sharing, tiered, compressed oops, compressed class ptrs, g1 gc, windows-amd64)
GC Precious Log:
 CardTable entry size: 512
 Card Set container configuration: InlinePtr #cards 5 size 8 Array Of Cards #cards 12 size 40 Howl #buckets 4 coarsen threshold 1843 Howl Bitmap #cards 512 size 80 coarsen threshold 460 Card regions per heap region 1 cards per card region 2048
 CPUs: 8 total, 8 available
 Memory: 7948M
 Large Page Support: Disabled
 NUMA Support: Disabled
 Compressed Oops: Enabled (32-bit)
 Heap Region Size: 1M
 Heap Min Capacity: 256M
 Heap Initial Capacity: 256M
 Heap Max Capacity: 512M
 Pre-touch: Disabled
 Parallel Workers: 8
 Concurrent Workers: 2
 Concurrent Refinement Workers: 8
 Periodic GC: Disabled
Heap:
 garbage-first heap   total 262144K, used 133108K [0x00000000e0000000, 0x0000000100000000)
  region size 1024K, 67 young (68608K), 15 survivors (15360K)
 Metaspace       used 80288K, committed 82944K, reserved 458752K
  class space    used 11014K, committed 12352K, reserved 327680K
GC Heap History (20 events):
Event: 27.461 GC heap before
{Heap before GC invocations=1 (full 0):
 garbage-first heap   total 262144K, used 39936K [0x00000000e0000000, 0x0000000100000000)
  region size 1024K, 30 young (30720K), 3 survivors (3072K)
 Metaspace       used 4670K, committed 4864K, reserved 393216K
  class space    used 583K, committed 704K, reserved 327680K
}
Event: 27.474 GC heap after
{Heap after GC invocations=2 (full 0):
 garbage-first heap   total 262144K, used 13930K [0x00000000e0000000, 0x0000000100000000)
  region size 1024K, 3 young (3072K), 3 survivors (3072K)
 Metaspace       used 4670K, committed 4864K, reserved 393216K
  class space    used 583K, committed 704K, reserved 327680K
}
Event: 66.858 GC heap before
{Heap before GC invocations=2 (full 0):
 garbage-first heap   total 262144K, used 117354K [0x00000000e0000000, 0x0000000100000000)
  region size 1024K, 105 young (107520K), 3 survivors (3072K)
 Metaspace       used 20914K, committed 21504K, reserved 393216K
  class space    used 2919K, committed 3200K, reserved 327680K
}
Event: 66.895 GC heap after
{Heap after GC invocations=3 (full 0):
 garbage-first heap   total 262144K, used 23844K [0x00000000e0000000, 0x0000000100000000)
  region size 1024K, 12 young (12288K), 12 survivors (12288K)
 Metaspace       used 20914K, committed 21504K, reserved 393216K
  class space    used 2919K, committed 3200K, reserved 327680K
}
Event: 89.253 GC heap before
{Heap before GC invocations=4 (full 0):
 garbage-first heap   total 262144K, used 131364K [0x00000000e0000000, 0x0000000100000000)
  region size 1024K, 117 young (119808K), 12 survivors (12288K)
 Metaspace       used 34912K, committed 36288K, reserved 393216K
  class space    used 4994K, committed 5696K, reserved 327680K
}
Event: 89.306 GC heap after
{Heap after GC invocations=5 (full 0):
 garbage-first heap   total 262144K, used 31549K [0x00000000e0000000, 0x0000000100000000)
  region size 1024K, 8 young (8192K), 8 survivors (8192K)
 Metaspace       used 34912K, committed 36288K, reserved 393216K
  class space    used 4994K, committed 5696K, reserved 327680K
}
Event: 129.083 GC heap before
{Heap before GC invocations=6 (full 0):
 garbage-first heap   total 262144K, used 179005K [0x00000000e0000000, 0x0000000100000000)
  region size 1024K, 153 young (156672K), 8 survivors (8192K)
 Metaspace       used 51235K, committed 53248K, reserved 393216K
  class space    used 7425K, committed 8384K, reserved 327680K
}
Event: 129.166 GC heap after
{Heap after GC invocations=7 (full 0):
 garbage-first heap   total 262144K, used 42575K [0x00000000e0000000, 0x0000000100000000)
  region size 1024K, 19 young (19456K), 19 survivors (19456K)
 Metaspace       used 51235K, committed 53248K, reserved 393216K
  class space    used 7425K, committed 8384K, reserved 327680K
}
Event: 150.444 GC heap before
{Heap before GC invocations=7 (full 0):
 garbage-first heap   total 262144K, used 130639K [0x00000000e0000000, 0x0000000100000000)
  region size 1024K, 107 young (109568K), 19 survivors (19456K)
 Metaspace       used 58423K, committed 60608K, reserved 393216K
  class space    used 8461K, committed 9536K, reserved 327680K
}
Event: 150.547 GC heap after
{Heap after GC invocations=8 (full 0):
 garbage-first heap   total 262144K, used 50411K [0x00000000e0000000, 0x0000000100000000)
  region size 1024K, 9 young (9216K), 9 survivors (9216K)
 Metaspace       used 58423K, committed 60608K, reserved 393216K
  class space    used 8461K, committed 9536K, reserved 327680K
}
Event: 175.168 GC heap before
{Heap before GC invocations=9 (full 0):
 garbage-first heap   total 262144K, used 196843K [0x00000000e0000000, 0x0000000100000000)
  region size 1024K, 153 young (156672K), 9 survivors (9216K)
 Metaspace       used 70679K, committed 73024K, reserved 393216K
  class space    used 9870K, committed 11008K, reserved 327680K
}
Event: 175.276 GC heap after
{Heap after GC invocations=10 (full 0):
 garbage-first heap   total 262144K, used 59173K [0x00000000e0000000, 0x0000000100000000)
  region size 1024K, 17 young (17408K), 17 survivors (17408K)
 Metaspace       used 70679K, committed 73024K, reserved 393216K
  class space    used 9870K, committed 11008K, reserved 327680K
}
Event: 218.978 GC heap before
{Heap before GC invocations=10 (full 0):
 garbage-first heap   total 262144K, used 197413K [0x00000000e0000000, 0x0000000100000000)
  region size 1024K, 153 young (156672K), 17 survivors (17408K)
 Metaspace       used 77252K, committed 79808K, reserved 458752K
  class space    used 10841K, committed 12096K, reserved 327680K
}
Event: 219.817 GC heap after
{Heap after GC invocations=11 (full 0):
 garbage-first heap   total 262144K, used 67474K [0x00000000e0000000, 0x0000000100000000)
  region size 1024K, 19 young (19456K), 19 survivors (19456K)
 Metaspace       used 77252K, committed 79808K, reserved 458752K
  class space    used 10841K, committed 12096K, reserved 327680K
}
Event: 243.210 GC heap before
{Heap before GC invocations=11 (full 0):
 garbage-first heap   total 262144K, used 179090K [0x00000000e0000000, 0x0000000100000000)
  region size 1024K, 129 young (132096K), 19 survivors (19456K)
 Metaspace       used 78029K, committed 80576K, reserved 458752K
  class space    used 10852K, committed 12096K, reserved 327680K
}
Event: 243.263 GC heap after
{Heap after GC invocations=12 (full 0):
 garbage-first heap   total 262144K, used 73031K [0x00000000e0000000, 0x0000000100000000)
  region size 1024K, 6 young (6144K), 6 survivors (6144K)
 Metaspace       used 78029K, committed 80576K, reserved 458752K
  class space    used 10852K, committed 12096K, reserved 327680K
}
Event: 296.061 GC heap before
{Heap before GC invocations=12 (full 0):
 garbage-first heap   total 262144K, used 222535K [0x00000000e0000000, 0x0000000100000000)
  region size 1024K, 153 young (156672K), 6 survivors (6144K)
 Metaspace       used 79448K, committed 81984K, reserved 458752K
  class space    used 10966K, committed 12224K, reserved 327680K
}
Event: 296.120 GC heap after
{Heap after GC invocations=13 (full 0):
 garbage-first heap   total 262144K, used 74240K [0x00000000e0000000, 0x0000000100000000)
  region size 1024K, 7 young (7168K), 7 survivors (7168K)
 Metaspace       used 79448K, committed 81984K, reserved 458752K
  class space    used 10966K, committed 12224K, reserved 327680K
}
Event: 327.817 GC heap before
{Heap before GC invocations=13 (full 0):
 garbage-first heap   total 262144K, used 223744K [0x00000000e0000000, 0x0000000100000000)
  region size 1024K, 153 young (156672K), 7 survivors (7168K)
 Metaspace       used 80070K, committed 82752K, reserved 458752K
  class space    used 11008K, committed 12352K, reserved 327680K
}
Event: 327.894 GC heap after
{Heap after GC invocations=14 (full 0):
 garbage-first heap   total 262144K, used 81908K [0x00000000e0000000, 0x0000000100000000)
  region size 1024K, 15 young (15360K), 15 survivors (15360K)
 Metaspace       used 80070K, committed 82752K, reserved 458752K
  class space    used 11008K, committed 12352K, reserved 327680K
}

