# JRE version: OpenJDK Runtime Environment Temurin-21.0.12.1+1 (21.0.12.1+1) (build 21.0.12.1+1-LTS)
# Java VM: OpenJDK 64-Bit Server VM Temurin-21.0.12.1+1 (21.0.12.1+1-LTS, mixed mode, sharing, tiered, compressed oops, compressed class ptrs, parallel gc, windows-amd64)
GC Precious Log:
 CardTable entry size: 512
 CPUs: 8 total, 8 available
 Memory: 7948M
 Large Page Support: Disabled
 NUMA Support: Disabled
 Compressed Oops: Enabled (Zero based)
 Alignments: Space 512K, Generation 512K, Heap 2M
 Heap Min Capacity: 100M
 Heap Initial Capacity: 100M
 Heap Max Capacity: 4G
 Pre-touch: Disabled
 Parallel Workers: 8
Heap:
 PSYoungGen      total 23552K, used 22889K [0x00000007aab00000, 0x00000007ac500000, 0x0000000800000000)
  eden space 22016K, 99% used [0x00000007aab00000,0x00000007ac04a4a0,0x00000007ac080000)
  from space 1536K, 70% used [0x00000007ac380000,0x00000007ac490000,0x00000007ac500000)
  to   space 2048K, 0% used [0x00000007ac100000,0x00000007ac100000,0x00000007ac300000)
 ParOldGen       total 68608K, used 22942K [0x0000000700000000, 0x0000000704300000, 0x00000007aab00000)
  object space 68608K, 33% used [0x0000000700000000,0x00000007016678d0,0x0000000704300000)
 Metaspace       used 45540K, committed 46656K, reserved 1114112K
  class space    used 4949K, committed 5440K, reserved 1048576K
GC Heap History (20 events):
Event: 13.982 GC heap before
{Heap before GC invocations=11 (full 1):
 PSYoungGen      total 24576K, used 24393K [0x00000007aab00000, 0x00000007ac880000, 0x0000000800000000)
  eden space 23552K, 99% used [0x00000007aab00000,0x00000007ac1e4038,0x00000007ac200000)
  from space 1024K, 93% used [0x00000007ac380000,0x00000007ac46e5b0,0x00000007ac480000)
  to   space 2560K, 0% used [0x00000007ac600000,0x00000007ac600000,0x00000007ac880000)
 ParOldGen       total 68608K, used 13184K [0x0000000700000000, 0x0000000704300000, 0x00000007aab00000)
  object space 68608K, 19% used [0x0000000700000000,0x0000000700ce00e8,0x0000000704300000)
 Metaspace       used 26550K, committed 27456K, reserved 1114112K
  class space    used 2671K, committed 3072K, reserved 1048576K
}
Event: 13.985 GC heap after
{Heap after GC invocations=11 (full 1):
 PSYoungGen      total 25088K, used 1977K [0x00000007aab00000, 0x00000007ac800000, 0x0000000800000000)
  eden space 23040K, 0% used [0x00000007aab00000,0x00000007aab00000,0x00000007ac180000)
  from space 2048K, 96% used [0x00000007ac600000,0x00000007ac7ee6d8,0x00000007ac800000)
  to   space 2560K, 0% used [0x00000007ac300000,0x00000007ac300000,0x00000007ac580000)
 ParOldGen       total 68608K, used 13192K [0x0000000700000000, 0x0000000704300000, 0x00000007aab00000)
  object space 68608K, 19% used [0x0000000700000000,0x0000000700ce20e8,0x0000000704300000)
 Metaspace       used 26550K, committed 27456K, reserved 1114112K
  class space    used 2671K, committed 3072K, reserved 1048576K
}
Event: 14.403 GC heap before
{Heap before GC invocations=12 (full 1):
 PSYoungGen      total 25088K, used 25017K [0x00000007aab00000, 0x00000007ac800000, 0x0000000800000000)
  eden space 23040K, 100% used [0x00000007aab00000,0x00000007ac180000,0x00000007ac180000)
  from space 2048K, 96% used [0x00000007ac600000,0x00000007ac7ee6d8,0x00000007ac800000)
  to   space 2560K, 0% used [0x00000007ac300000,0x00000007ac300000,0x00000007ac580000)
 ParOldGen       total 68608K, used 13192K [0x0000000700000000, 0x0000000704300000, 0x00000007aab00000)
  object space 68608K, 19% used [0x0000000700000000,0x0000000700ce20e8,0x0000000704300000)
 Metaspace       used 28529K, committed 29440K, reserved 1114112K
  class space    used 2855K, committed 3264K, reserved 1048576K
}
Event: 14.407 GC heap after
{Heap after GC invocations=12 (full 1):
 PSYoungGen      total 25088K, used 2088K [0x00000007aab00000, 0x00000007ac680000, 0x0000000800000000)
  eden space 22528K, 0% used [0x00000007aab00000,0x00000007aab00000,0x00000007ac100000)
  from space 2560K, 81% used [0x00000007ac300000,0x00000007ac50a2b0,0x00000007ac580000)
  to   space 1024K, 0% used [0x00000007ac580000,0x00000007ac580000,0x00000007ac680000)
 ParOldGen       total 68608K, used 14395K [0x0000000700000000, 0x0000000704300000, 0x00000007aab00000)
  object space 68608K, 20% used [0x0000000700000000,0x0000000700e0eee0,0x0000000704300000)
 Metaspace       used 28529K, committed 29440K, reserved 1114112K
  class space    used 2855K, committed 3264K, reserved 1048576K
}
Event: 16.402 GC heap before
{Heap before GC invocations=13 (full 1):
 PSYoungGen      total 25088K, used 24598K [0x00000007aab00000, 0x00000007ac680000, 0x0000000800000000)
  eden space 22528K, 99% used [0x00000007aab00000,0x00000007ac0fb5c0,0x00000007ac100000)
  from space 2560K, 81% used [0x00000007ac300000,0x00000007ac50a2b0,0x00000007ac580000)
  to   space 1024K, 0% used [0x00000007ac580000,0x00000007ac580000,0x00000007ac680000)
 ParOldGen       total 68608K, used 14395K [0x0000000700000000, 0x0000000704300000, 0x00000007aab00000)
  object space 68608K, 20% used [0x0000000700000000,0x0000000700e0eee0,0x0000000704300000)
 Metaspace       used 30768K, committed 31744K, reserved 1114112K
  class space    used 3133K, committed 3584K, reserved 1048576K
}
Event: 16.407 GC heap after
{Heap after GC invocations=13 (full 1):
 PSYoungGen      total 23040K, used 1015K [0x00000007aab00000, 0x00000007ac680000, 0x0000000800000000)
  eden space 22016K, 0% used [0x00000007aab00000,0x00000007aab00000,0x00000007ac080000)
  from space 1024K, 99% used [0x00000007ac580000,0x00000007ac67dc38,0x00000007ac680000)
  to   space 3072K, 0% used [0x00000007ac080000,0x00000007ac080000,0x00000007ac380000)
 ParOldGen       total 68608K, used 16248K [0x0000000700000000, 0x0000000704300000, 0x00000007aab00000)
  object space 68608K, 23% used [0x0000000700000000,0x0000000700fde0f0,0x0000000704300000)
 Metaspace       used 30768K, committed 31744K, reserved 1114112K
  class space    used 3133K, committed 3584K, reserved 1048576K
}
Event: 18.117 GC heap before
{Heap before GC invocations=14 (full 1):
 PSYoungGen      total 23040K, used 23031K [0x00000007aab00000, 0x00000007ac680000, 0x0000000800000000)
  eden space 22016K, 100% used [0x00000007aab00000,0x00000007ac080000,0x00000007ac080000)
  from space 1024K, 99% used [0x00000007ac580000,0x00000007ac67dc38,0x00000007ac680000)
  to   space 3072K, 0% used [0x00000007ac080000,0x00000007ac080000,0x00000007ac380000)
 ParOldGen       total 68608K, used 16248K [0x0000000700000000, 0x0000000704300000, 0x00000007aab00000)
  object space 68608K, 23% used [0x0000000700000000,0x0000000700fde0f0,0x0000000704300000)
 Metaspace       used 32919K, committed 33984K, reserved 1114112K
  class space    used 3357K, committed 3840K, reserved 1048576K
}
Event: 18.121 GC heap after
{Heap after GC invocations=14 (full 1):
 PSYoungGen      total 25088K, used 1436K [0x00000007aab00000, 0x00000007ac600000, 0x0000000800000000)
  eden space 22016K, 0% used [0x00000007aab00000,0x00000007aab00000,0x00000007ac080000)
  from space 3072K, 46% used [0x00000007ac080000,0x00000007ac1e73e8,0x00000007ac380000)
  to   space 2048K, 0% used [0x00000007ac400000,0x00000007ac400000,0x00000007ac600000)
 ParOldGen       total 68608K, used 17040K [0x0000000700000000, 0x0000000704300000, 0x00000007aab00000)
  object space 68608K, 24% used [0x0000000700000000,0x00000007010a4130,0x0000000704300000)
 Metaspace       used 32919K, committed 33984K, reserved 1114112K
  class space    used 3357K, committed 3840K, reserved 1048576K
}
Event: 20.448 GC heap before
{Heap before GC invocations=15 (full 1):
 PSYoungGen      total 25088K, used 22478K [0x00000007aab00000, 0x00000007ac600000, 0x0000000800000000)
  eden space 22016K, 95% used [0x00000007aab00000,0x00000007abf8c540,0x00000007ac080000)
  from space 3072K, 46% used [0x00000007ac080000,0x00000007ac1e73e8,0x00000007ac380000)
  to   space 2048K, 0% used [0x00000007ac400000,0x00000007ac400000,0x00000007ac600000)
 ParOldGen       total 68608K, used 17040K [0x0000000700000000, 0x0000000704300000, 0x00000007aab00000)
  object space 68608K, 24% used [0x0000000700000000,0x00000007010a4130,0x0000000704300000)
 Metaspace       used 34881K, committed 35840K, reserved 1114112K
  class space    used 3598K, committed 4032K, reserved 1048576K
}
Event: 20.452 GC heap after
{Heap after GC invocations=15 (full 1):
 PSYoungGen      total 23552K, used 1481K [0x00000007aab00000, 0x00000007ac580000, 0x0000000800000000)
  eden space 22016K, 0% used [0x00000007aab00000,0x00000007aab00000,0x00000007ac080000)
  from space 1536K, 96% used [0x00000007ac400000,0x00000007ac5726c8,0x00000007ac580000)
  to   space 2048K, 0% used [0x00000007ac180000,0x00000007ac180000,0x00000007ac380000)
 ParOldGen       total 68608K, used 18268K [0x0000000700000000, 0x0000000704300000, 0x00000007aab00000)
  object space 68608K, 26% used [0x0000000700000000,0x00000007011d7080,0x0000000704300000)
 Metaspace       used 34881K, committed 35840K, reserved 1114112K
  class space    used 3598K, committed 4032K, reserved 1048576K
}
Event: 20.453 GC heap before
{Heap before GC invocations=16 (full 2):
 PSYoungGen      total 23552K, used 1481K [0x00000007aab00000, 0x00000007ac580000, 0x0000000800000000)
  eden space 22016K, 0% used [0x00000007aab00000,0x00000007aab00000,0x00000007ac080000)
  from space 1536K, 96% used [0x00000007ac400000,0x00000007ac5726c8,0x00000007ac580000)
  to   space 2048K, 0% used [0x00000007ac180000,0x00000007ac180000,0x00000007ac380000)
 ParOldGen       total 68608K, used 18268K [0x0000000700000000, 0x0000000704300000, 0x00000007aab00000)
  object space 68608K, 26% used [0x0000000700000000,0x00000007011d7080,0x0000000704300000)
 Metaspace       used 34881K, committed 35840K, reserved 1114112K
  class space    used 3598K, committed 4032K, reserved 1048576K
}
Event: 20.514 GC heap after
{Heap after GC invocations=16 (full 2):
 PSYoungGen      total 23552K, used 0K [0x00000007aab00000, 0x00000007ac580000, 0x0000000800000000)
  eden space 22016K, 0% used [0x00000007aab00000,0x00000007aab00000,0x00000007ac080000)
  from space 1536K, 0% used [0x00000007ac400000,0x00000007ac400000,0x00000007ac580000)
  to   space 2048K, 0% used [0x00000007ac180000,0x00000007ac180000,0x00000007ac380000)
 ParOldGen       total 68608K, used 19026K [0x0000000700000000, 0x0000000704300000, 0x00000007aab00000)
  object space 68608K, 27% used [0x0000000700000000,0x0000000701294a60,0x0000000704300000)
 Metaspace       used 34881K, committed 35840K, reserved 1114112K
  class space    used 3598K, committed 4032K, reserved 1048576K
}
Event: 21.220 GC heap before
{Heap before GC invocations=17 (full 2):
 PSYoungGen      total 23552K, used 22011K [0x00000007aab00000, 0x00000007ac580000, 0x0000000800000000)
  eden space 22016K, 99% used [0x00000007aab00000,0x00000007ac07ed20,0x00000007ac080000)
  from space 1536K, 0% used [0x00000007ac400000,0x00000007ac400000,0x00000007ac580000)
  to   space 2048K, 0% used [0x00000007ac180000,0x00000007ac180000,0x00000007ac380000)
 ParOldGen       total 68608K, used 19026K [0x0000000700000000, 0x0000000704300000, 0x00000007aab00000)
  object space 68608K, 27% used [0x0000000700000000,0x0000000701294a60,0x0000000704300000)
 Metaspace       used 37134K, committed 38144K, reserved 1114112K
  class space    used 3886K, committed 4288K, reserved 1048576K
}
Event: 21.223 GC heap after
{Heap after GC invocations=17 (full 2):
 PSYoungGen      total 24064K, used 2040K [0x00000007aab00000, 0x00000007ac580000, 0x0000000800000000)
  eden space 22016K, 0% used [0x00000007aab00000,0x00000007aab00000,0x00000007ac080000)
  from space 2048K, 99% used [0x00000007ac180000,0x00000007ac37e018,0x00000007ac380000)
  to   space 2048K, 0% used [0x00000007ac380000,0x00000007ac380000,0x00000007ac580000)
 ParOldGen       total 68608K, used 19282K [0x0000000700000000, 0x0000000704300000, 0x00000007aab00000)
  object space 68608K, 28% used [0x0000000700000000,0x00000007012d4a60,0x0000000704300000)
 Metaspace       used 37134K, committed 38144K, reserved 1114112K
  class space    used 3886K, committed 4288K, reserved 1048576K
}
Event: 21.990 GC heap before
{Heap before GC invocations=18 (full 2):
 PSYoungGen      total 24064K, used 24056K [0x00000007aab00000, 0x00000007ac580000, 0x0000000800000000)
  eden space 22016K, 100% used [0x00000007aab00000,0x00000007ac080000,0x00000007ac080000)
  from space 2048K, 99% used [0x00000007ac180000,0x00000007ac37e018,0x00000007ac380000)
  to   space 2048K, 0% used [0x00000007ac380000,0x00000007ac380000,0x00000007ac580000)
 ParOldGen       total 68608K, used 19282K [0x0000000700000000, 0x0000000704300000, 0x00000007aab00000)
  object space 68608K, 28% used [0x0000000700000000,0x00000007012d4a60,0x0000000704300000)
 Metaspace       used 39233K, committed 40320K, reserved 1114112K
  class space    used 4177K, committed 4672K, reserved 1048576K
}
Event: 21.993 GC heap after
{Heap after GC invocations=18 (full 2):
 PSYoungGen      total 23040K, used 896K [0x00000007aab00000, 0x00000007ac480000, 0x0000000800000000)
  eden space 22016K, 0% used [0x00000007aab00000,0x00000007aab00000,0x00000007ac080000)
  from space 1024K, 87% used [0x00000007ac380000,0x00000007ac460000,0x00000007ac480000)
  to   space 1536K, 0% used [0x00000007ac180000,0x00000007ac180000,0x00000007ac300000)
 ParOldGen       total 68608K, used 21014K [0x0000000700000000, 0x0000000704300000, 0x00000007aab00000)
  object space 68608K, 30% used [0x0000000700000000,0x0000000701485bb0,0x0000000704300000)
 Metaspace       used 39233K, committed 40320K, reserved 1114112K
  class space    used 4177K, committed 4672K, reserved 1048576K
}
Event: 22.837 GC heap before
{Heap before GC invocations=19 (full 2):
 PSYoungGen      total 23040K, used 22912K [0x00000007aab00000, 0x00000007ac480000, 0x0000000800000000)
  eden space 22016K, 100% used [0x00000007aab00000,0x00000007ac080000,0x00000007ac080000)
  from space 1024K, 87% used [0x00000007ac380000,0x00000007ac460000,0x00000007ac480000)
  to   space 1536K, 0% used [0x00000007ac180000,0x00000007ac180000,0x00000007ac300000)
 ParOldGen       total 68608K, used 21014K [0x0000000700000000, 0x0000000704300000, 0x00000007aab00000)
  object space 68608K, 30% used [0x0000000700000000,0x0000000701485bb0,0x0000000704300000)
 Metaspace       used 41482K, committed 42560K, reserved 1114112K
  class space    used 4420K, committed 4864K, reserved 1048576K
}
Event: 22.841 GC heap after
{Heap after GC invocations=19 (full 2):
 PSYoungGen      total 23552K, used 1536K [0x00000007aab00000, 0x00000007ac680000, 0x0000000800000000)
  eden space 22016K, 0% used [0x00000007aab00000,0x00000007aab00000,0x00000007ac080000)
  from space 1536K, 100% used [0x00000007ac180000,0x00000007ac300000,0x00000007ac300000)
  to   space 3072K, 0% used [0x00000007ac380000,0x00000007ac380000,0x00000007ac680000)
 ParOldGen       total 68608K, used 21910K [0x0000000700000000, 0x0000000704300000, 0x00000007aab00000)
  object space 68608K, 31% used [0x0000000700000000,0x00000007015658c0,0x0000000704300000)
 Metaspace       used 41482K, committed 42560K, reserved 1114112K
  class space    used 4420K, committed 4864K, reserved 1048576K
}
Event: 24.327 GC heap before
{Heap before GC invocations=20 (full 2):
 PSYoungGen      total 23552K, used 23552K [0x00000007aab00000, 0x00000007ac680000, 0x0000000800000000)
  eden space 22016K, 100% used [0x00000007aab00000,0x00000007ac080000,0x00000007ac080000)
  from space 1536K, 100% used [0x00000007ac180000,0x00000007ac300000,0x00000007ac300000)
  to   space 3072K, 0% used [0x00000007ac380000,0x00000007ac380000,0x00000007ac680000)
 ParOldGen       total 68608K, used 21910K [0x0000000700000000, 0x0000000704300000, 0x00000007aab00000)
  object space 68608K, 31% used [0x0000000700000000,0x00000007015658c0,0x0000000704300000)
 Metaspace       used 43180K, committed 44288K, reserved 1114112K
  class space    used 4646K, committed 5120K, reserved 1048576K
}
Event: 24.330 GC heap after
{Heap after GC invocations=20 (full 2):
 PSYoungGen      total 23552K, used 1088K [0x00000007aab00000, 0x00000007ac500000, 0x0000000800000000)
  eden space 22016K, 0% used [0x00000007aab00000,0x00000007aab00000,0x00000007ac080000)
  from space 1536K, 70% used [0x00000007ac380000,0x00000007ac490000,0x00000007ac500000)
  to   space 2048K, 0% used [0x00000007ac100000,0x00000007ac100000,0x00000007ac300000)
 ParOldGen       total 68608K, used 22942K [0x0000000700000000, 0x0000000704300000, 0x00000007aab00000)
  object space 68608K, 33% used [0x0000000700000000,0x00000007016678d0,0x0000000704300000)
 Metaspace       used 43180K, committed 44288K, reserved 1114112K
  class space    used 4646K, committed 5120K, reserved 1048576K
}

