# JRE version: OpenJDK Runtime Environment Temurin-21.0.12.1+1 (21.0.12.1+1) (build 21.0.12.1+1-LTS)
# Java VM: OpenJDK 64-Bit Server VM Temurin-21.0.12.1+1 (21.0.12.1+1-LTS, mixed mode, sharing, tiered, compressed oops, compressed class ptrs, parallel gc, windows-amd64)
GC Precious Log:
 CardTable entry size: 512
 CPUs: 8 total, 8 available
 Memory: 7948M
 Large Page Support: Disabled
 NUMA Support: Disabled
 Compressed Oops: Enabled (Zero based)
 Alignments: Space 512K, Generation 512K, Heap 2M
 Heap Min Capacity: 100M
 Heap Initial Capacity: 100M
 Heap Max Capacity: 4G
 Pre-touch: Disabled
 Parallel Workers: 8
Heap:
 PSYoungGen      total 14336K, used 4506K [0x00000007aab00000, 0x00000007abb80000, 0x0000000800000000)
  eden space 13312K, 26% used [0x00000007aab00000,0x00000007aae6afa0,0x00000007ab800000)
  from space 1024K, 98% used [0x00000007aba00000,0x00000007abafbc58,0x00000007abb00000)
  to   space 512K, 0% used [0x00000007abb00000,0x00000007abb00000,0x00000007abb80000)
 ParOldGen       total 100352K, used 99879K [0x0000000700000000, 0x0000000706200000, 0x00000007aab00000)
  object space 100352K, 99% used [0x0000000700000000,0x0000000706189c98,0x0000000706200000)
 Metaspace       used 71297K, committed 72704K, reserved 1114112K
  class space    used 8191K, committed 8832K, reserved 1048576K
GC Heap History (20 events):
Event: 147.590 GC heap before
{Heap before GC invocations=79 (full 3):
 PSYoungGen      total 15360K, used 13746K [0x00000007aab00000, 0x00000007abb80000, 0x0000000800000000)
  eden space 13312K, 100% used [0x00000007aab00000,0x00000007ab800000,0x00000007ab800000)
  from space 2048K, 21% used [0x00000007ab800000,0x00000007ab86c940,0x00000007aba00000)
  to   space 1024K, 0% used [0x00000007aba80000,0x00000007aba80000,0x00000007abb80000)
 ParOldGen       total 95232K, used 95027K [0x0000000700000000, 0x0000000705d00000, 0x00000007aab00000)
  object space 95232K, 99% used [0x0000000700000000,0x0000000705cccc28,0x0000000705d00000)
 Metaspace       used 68261K, committed 69504K, reserved 1114112K
  class space    used 7787K, committed 8320K, reserved 1048576K
}
Event: 147.592 GC heap after
{Heap after GC invocations=79 (full 3):
 PSYoungGen      total 14336K, used 743K [0x00000007aab00000, 0x00000007abb80000, 0x0000000800000000)
  eden space 13312K, 0% used [0x00000007aab00000,0x00000007aab00000,0x00000007ab800000)
  from space 1024K, 72% used [0x00000007aba80000,0x00000007abb39e18,0x00000007abb80000)
  to   space 1024K, 0% used [0x00000007ab980000,0x00000007ab980000,0x00000007aba80000)
 ParOldGen       total 95232K, used 95139K [0x0000000700000000, 0x0000000705d00000, 0x00000007aab00000)
  object space 95232K, 99% used [0x0000000700000000,0x0000000705ce8c28,0x0000000705d00000)
 Metaspace       used 68261K, committed 69504K, reserved 1114112K
  class space    used 7787K, committed 8320K, reserved 1048576K
}
Event: 147.658 GC heap before
{Heap before GC invocations=80 (full 3):
 PSYoungGen      total 14336K, used 14055K [0x00000007aab00000, 0x00000007abb80000, 0x0000000800000000)
  eden space 13312K, 100% used [0x00000007aab00000,0x00000007ab800000,0x00000007ab800000)
  from space 1024K, 72% used [0x00000007aba80000,0x00000007abb39e18,0x00000007abb80000)
  to   space 1024K, 0% used [0x00000007ab980000,0x00000007ab980000,0x00000007aba80000)
 ParOldGen       total 95232K, used 95139K [0x0000000700000000, 0x0000000705d00000, 0x00000007aab00000)
  object space 95232K, 99% used [0x0000000700000000,0x0000000705ce8c28,0x0000000705d00000)
 Metaspace       used 68262K, committed 69504K, reserved 1114112K
  class space    used 7787K, committed 8320K, reserved 1048576K
}
Event: 147.660 GC heap after
{Heap after GC invocations=80 (full 3):
 PSYoungGen      total 13824K, used 417K [0x00000007aab00000, 0x00000007abb00000, 0x0000000800000000)
  eden space 13312K, 0% used [0x00000007aab00000,0x00000007aab00000,0x00000007ab800000)
  from space 512K, 81% used [0x00000007ab980000,0x00000007ab9e8570,0x00000007aba00000)
  to   space 1024K, 0% used [0x00000007aba00000,0x00000007aba00000,0x00000007abb00000)
 ParOldGen       total 95744K, used 95728K [0x0000000700000000, 0x0000000705d80000, 0x00000007aab00000)
  object space 95744K, 99% used [0x0000000700000000,0x0000000705d7c300,0x0000000705d80000)
 Metaspace       used 68262K, committed 69504K, reserved 1114112K
  class space    used 7787K, committed 8320K, reserved 1048576K
}
Event: 147.718 GC heap before
{Heap before GC invocations=81 (full 3):
 PSYoungGen      total 13824K, used 13729K [0x00000007aab00000, 0x00000007abb00000, 0x0000000800000000)
  eden space 13312K, 100% used [0x00000007aab00000,0x00000007ab800000,0x00000007ab800000)
  from space 512K, 81% used [0x00000007ab980000,0x00000007ab9e8570,0x00000007aba00000)
  to   space 1024K, 0% used [0x00000007aba00000,0x00000007aba00000,0x00000007abb00000)
 ParOldGen       total 95744K, used 95728K [0x0000000700000000, 0x0000000705d80000, 0x00000007aab00000)
  object space 95744K, 99% used [0x0000000700000000,0x0000000705d7c300,0x0000000705d80000)
 Metaspace       used 68264K, committed 69504K, reserved 1114112K
  class space    used 7787K, committed 8320K, reserved 1048576K
}
Event: 147.720 GC heap after
{Heap after GC invocations=81 (full 3):
 PSYoungGen      total 13824K, used 418K [0x00000007aab00000, 0x00000007aba80000, 0x0000000800000000)
  eden space 13312K, 0% used [0x00000007aab00000,0x00000007aab00000,0x00000007ab800000)
  from space 512K, 81% used [0x00000007aba00000,0x00000007aba68868,0x00000007aba80000)
  to   space 512K, 0% used [0x00000007ab980000,0x00000007ab980000,0x00000007aba00000)
 ParOldGen       total 96256K, used 95904K [0x0000000700000000, 0x0000000705e00000, 0x00000007aab00000)
  object space 96256K, 99% used [0x0000000700000000,0x0000000705da8300,0x0000000705e00000)
 Metaspace       used 68264K, committed 69504K, reserved 1114112K
  class space    used 7787K, committed 8320K, reserved 1048576K
}
Event: 147.859 GC heap before
{Heap before GC invocations=82 (full 3):
 PSYoungGen      total 13824K, used 13730K [0x00000007aab00000, 0x00000007aba80000, 0x0000000800000000)
  eden space 13312K, 100% used [0x00000007aab00000,0x00000007ab800000,0x00000007ab800000)
  from space 512K, 81% used [0x00000007aba00000,0x00000007aba68868,0x00000007aba80000)
  to   space 512K, 0% used [0x00000007ab980000,0x00000007ab980000,0x00000007aba00000)
 ParOldGen       total 96256K, used 95904K [0x0000000700000000, 0x0000000705e00000, 0x00000007aab00000)
  object space 96256K, 99% used [0x0000000700000000,0x0000000705da8300,0x0000000705e00000)
 Metaspace       used 68281K, committed 69568K, reserved 1114112K
  class space    used 7787K, committed 8320K, reserved 1048576K
}
Event: 147.861 GC heap after
{Heap after GC invocations=82 (full 3):
 PSYoungGen      total 13824K, used 288K [0x00000007aab00000, 0x00000007aba80000, 0x0000000800000000)
  eden space 13312K, 0% used [0x00000007aab00000,0x00000007aab00000,0x00000007ab800000)
  from space 512K, 56% used [0x00000007ab980000,0x00000007ab9c8000,0x00000007aba00000)
  to   space 512K, 0% used [0x00000007aba00000,0x00000007aba00000,0x00000007aba80000)
 ParOldGen       total 96256K, used 96088K [0x0000000700000000, 0x0000000705e00000, 0x00000007aab00000)
  object space 96256K, 99% used [0x0000000700000000,0x0000000705dd6330,0x0000000705e00000)
 Metaspace       used 68281K, committed 69568K, reserved 1114112K
  class space    used 7787K, committed 8320K, reserved 1048576K
}
Event: 148.035 GC heap before
{Heap before GC invocations=83 (full 3):
 PSYoungGen      total 13824K, used 13550K [0x00000007aab00000, 0x00000007aba80000, 0x0000000800000000)
  eden space 13312K, 99% used [0x00000007aab00000,0x00000007ab7f3ae8,0x00000007ab800000)
  from space 512K, 56% used [0x00000007ab980000,0x00000007ab9c8000,0x00000007aba00000)
  to   space 512K, 0% used [0x00000007aba00000,0x00000007aba00000,0x00000007aba80000)
 ParOldGen       total 96256K, used 96088K [0x0000000700000000, 0x0000000705e00000, 0x00000007aab00000)
  object space 96256K, 99% used [0x0000000700000000,0x0000000705dd6330,0x0000000705e00000)
 Metaspace       used 68350K, committed 69632K, reserved 1114112K
  class space    used 7787K, committed 8320K, reserved 1048576K
}
Event: 148.036 GC heap after
{Heap after GC invocations=83 (full 3):
 PSYoungGen      total 13824K, used 496K [0x00000007aab00000, 0x00000007aba80000, 0x0000000800000000)
  eden space 13312K, 0% used [0x00000007aab00000,0x00000007aab00000,0x00000007ab800000)
  from space 512K, 96% used [0x00000007aba00000,0x00000007aba7c030,0x00000007aba80000)
  to   space 1024K, 0% used [0x00000007ab880000,0x00000007ab880000,0x00000007ab980000)
 ParOldGen       total 96256K, used 96168K [0x0000000700000000, 0x0000000705e00000, 0x00000007aab00000)
  object space 96256K, 99% used [0x0000000700000000,0x0000000705dea330,0x0000000705e00000)
 Metaspace       used 68350K, committed 69632K, reserved 1114112K
  class space    used 7787K, committed 8320K, reserved 1048576K
}
Event: 148.218 GC heap before
{Heap before GC invocations=84 (full 3):
 PSYoungGen      total 13824K, used 13808K [0x00000007aab00000, 0x00000007aba80000, 0x0000000800000000)
  eden space 13312K, 100% used [0x00000007aab00000,0x00000007ab800000,0x00000007ab800000)
  from space 512K, 96% used [0x00000007aba00000,0x00000007aba7c030,0x00000007aba80000)
  to   space 1024K, 0% used [0x00000007ab880000,0x00000007ab880000,0x00000007ab980000)
 ParOldGen       total 96256K, used 96168K [0x0000000700000000, 0x0000000705e00000, 0x00000007aab00000)
  object space 96256K, 99% used [0x0000000700000000,0x0000000705dea330,0x0000000705e00000)
 Metaspace       used 68431K, committed 69632K, reserved 1114112K
  class space    used 7800K, committed 8320K, reserved 1048576K
}
Event: 148.221 GC heap after
{Heap after GC invocations=84 (full 3):
 PSYoungGen      total 14336K, used 1024K [0x00000007aab00000, 0x00000007abf00000, 0x0000000800000000)
  eden space 13312K, 0% used [0x00000007aab00000,0x00000007aab00000,0x00000007ab800000)
  from space 1024K, 100% used [0x00000007ab880000,0x00000007ab980000,0x00000007ab980000)
  to   space 3584K, 0% used [0x00000007abb80000,0x00000007abb80000,0x00000007abf00000)
 ParOldGen       total 98304K, used 98055K [0x0000000700000000, 0x0000000706000000, 0x00000007aab00000)
  object space 98304K, 99% used [0x0000000700000000,0x0000000705fc1e88,0x0000000706000000)
 Metaspace       used 68431K, committed 69632K, reserved 1114112K
  class space    used 7800K, committed 8320K, reserved 1048576K
}
Event: 148.734 GC heap before
{Heap before GC invocations=85 (full 3):
 PSYoungGen      total 14336K, used 14336K [0x00000007aab00000, 0x00000007abf00000, 0x0000000800000000)
  eden space 13312K, 100% used [0x00000007aab00000,0x00000007ab800000,0x00000007ab800000)
  from space 1024K, 100% used [0x00000007ab880000,0x00000007ab980000,0x00000007ab980000)
  to   space 3584K, 0% used [0x00000007abb80000,0x00000007abb80000,0x00000007abf00000)
 ParOldGen       total 98304K, used 98055K [0x0000000700000000, 0x0000000706000000, 0x00000007aab00000)
  object space 98304K, 99% used [0x0000000700000000,0x0000000705fc1e88,0x0000000706000000)
 Metaspace       used 69374K, committed 70656K, reserved 1114112K
  class space    used 7923K, committed 8512K, reserved 1048576K
}
Event: 148.737 GC heap after
{Heap after GC invocations=85 (full 3):
 PSYoungGen      total 14848K, used 1471K [0x00000007aab00000, 0x00000007abd00000, 0x0000000800000000)
  eden space 13312K, 0% used [0x00000007aab00000,0x00000007aab00000,0x00000007ab800000)
  from space 1536K, 95% used [0x00000007abb80000,0x00000007abcefc70,0x00000007abd00000)
  to   space 2048K, 0% used [0x00000007ab900000,0x00000007ab900000,0x00000007abb00000)
 ParOldGen       total 98816K, used 98403K [0x0000000700000000, 0x0000000706080000, 0x00000007aab00000)
  object space 98816K, 99% used [0x0000000700000000,0x0000000706018ed0,0x0000000706080000)
 Metaspace       used 69374K, committed 70656K, reserved 1114112K
  class space    used 7923K, committed 8512K, reserved 1048576K
}
Event: 149.400 GC heap before
{Heap before GC invocations=86 (full 3):
 PSYoungGen      total 14848K, used 14783K [0x00000007aab00000, 0x00000007abd00000, 0x0000000800000000)
  eden space 13312K, 100% used [0x00000007aab00000,0x00000007ab800000,0x00000007ab800000)
  from space 1536K, 95% used [0x00000007abb80000,0x00000007abcefc70,0x00000007abd00000)
  to   space 2048K, 0% used [0x00000007ab900000,0x00000007ab900000,0x00000007abb00000)
 ParOldGen       total 98816K, used 98403K [0x0000000700000000, 0x0000000706080000, 0x00000007aab00000)
  object space 98816K, 99% used [0x0000000700000000,0x0000000706018ed0,0x0000000706080000)
 Metaspace       used 70398K, committed 71808K, reserved 1114112K
  class space    used 8089K, committed 8704K, reserved 1048576K
}
Event: 149.407 GC heap after
{Heap after GC invocations=86 (full 3):
 PSYoungGen      total 15360K, used 576K [0x00000007aab00000, 0x00000007abc00000, 0x0000000800000000)
  eden space 13312K, 0% used [0x00000007aab00000,0x00000007aab00000,0x00000007ab800000)
  from space 2048K, 28% used [0x00000007ab900000,0x00000007ab990000,0x00000007abb00000)
  to   space 1024K, 0% used [0x00000007abb00000,0x00000007abb00000,0x00000007abc00000)
 ParOldGen       total 99328K, used 99247K [0x0000000700000000, 0x0000000706100000, 0x00000007aab00000)
  object space 99328K, 99% used [0x0000000700000000,0x00000007060ebc58,0x0000000706100000)
 Metaspace       used 70398K, committed 71808K, reserved 1114112K
  class space    used 8089K, committed 8704K, reserved 1048576K
}
Event: 149.760 GC heap before
{Heap before GC invocations=87 (full 3):
 PSYoungGen      total 15360K, used 13887K [0x00000007aab00000, 0x00000007abc00000, 0x0000000800000000)
  eden space 13312K, 99% used [0x00000007aab00000,0x00000007ab7ffff8,0x00000007ab800000)
  from space 2048K, 28% used [0x00000007ab900000,0x00000007ab990000,0x00000007abb00000)
  to   space 1024K, 0% used [0x00000007abb00000,0x00000007abb00000,0x00000007abc00000)
 ParOldGen       total 99328K, used 99247K [0x0000000700000000, 0x0000000706100000, 0x00000007aab00000)
  object space 99328K, 99% used [0x0000000700000000,0x00000007060ebc58,0x0000000706100000)
 Metaspace       used 70685K, committed 72064K, reserved 1114112K
  class space    used 8131K, committed 8768K, reserved 1048576K
}
Event: 149.762 GC heap after
{Heap after GC invocations=87 (full 3):
 PSYoungGen      total 14336K, used 608K [0x00000007aab00000, 0x00000007abc00000, 0x0000000800000000)
  eden space 13312K, 0% used [0x00000007aab00000,0x00000007aab00000,0x00000007ab800000)
  from space 1024K, 59% used [0x00000007abb00000,0x00000007abb98020,0x00000007abc00000)
  to   space 1024K, 0% used [0x00000007aba00000,0x00000007aba00000,0x00000007abb00000)
 ParOldGen       total 99840K, used 99623K [0x0000000700000000, 0x0000000706180000, 0x00000007aab00000)
  object space 99840K, 99% used [0x0000000700000000,0x0000000706149c68,0x0000000706180000)
 Metaspace       used 70685K, committed 72064K, reserved 1114112K
  class space    used 8131K, committed 8768K, reserved 1048576K
}
Event: 150.899 GC heap before
{Heap before GC invocations=88 (full 3):
 PSYoungGen      total 14336K, used 13920K [0x00000007aab00000, 0x00000007abc00000, 0x0000000800000000)
  eden space 13312K, 100% used [0x00000007aab00000,0x00000007ab800000,0x00000007ab800000)
  from space 1024K, 59% used [0x00000007abb00000,0x00000007abb98020,0x00000007abc00000)
  to   space 1024K, 0% used [0x00000007aba00000,0x00000007aba00000,0x00000007abb00000)
 ParOldGen       total 99840K, used 99623K [0x0000000700000000, 0x0000000706180000, 0x00000007aab00000)
  object space 99840K, 99% used [0x0000000700000000,0x0000000706149c68,0x0000000706180000)
 Metaspace       used 71223K, committed 72640K, reserved 1114112K
  class space    used 8190K, committed 8832K, reserved 1048576K
}
Event: 150.908 GC heap after
{Heap after GC invocations=88 (full 3):
 PSYoungGen      total 14336K, used 1007K [0x00000007aab00000, 0x00000007abb80000, 0x0000000800000000)
  eden space 13312K, 0% used [0x00000007aab00000,0x00000007aab00000,0x00000007ab800000)
  from space 1024K, 98% used [0x00000007aba00000,0x00000007abafbc58,0x00000007abb00000)
  to   space 512K, 0% used [0x00000007abb00000,0x00000007abb00000,0x00000007abb80000)
 ParOldGen       total 100352K, used 99879K [0x0000000700000000, 0x0000000706200000, 0x00000007aab00000)
  object space 100352K, 99% used [0x0000000700000000,0x0000000706189c98,0x0000000706200000)
 Metaspace       used 71223K, committed 72640K, reserved 1114112K
  class space    used 8190K, committed 8832K, reserved 1048576K
}

