# JRE version: OpenJDK Runtime Environment Temurin-21.0.12.1+1 (21.0.12.1+1) (build 21.0.12.1+1-LTS)
# Java VM: OpenJDK 64-Bit Server VM Temurin-21.0.12.1+1 (21.0.12.1+1-LTS, mixed mode, sharing, tiered, compressed oops, compressed class ptrs, parallel gc, windows-amd64)
GC Precious Log:
 CardTable entry size: 512
 CPUs: 8 total, 8 available
 Memory: 7948M
 Large Page Support: Disabled
 NUMA Support: Disabled
 Compressed Oops: Enabled (Zero based)
 Alignments: Space 512K, Generation 512K, Heap 2M
 Heap Min Capacity: 100M
 Heap Initial Capacity: 100M
 Heap Max Capacity: 4G
 Pre-touch: Disabled
 Parallel Workers: 8
Heap:
 PSYoungGen      total 24064K, used 7434K [0x00000007aab00000, 0x00000007ac780000, 0x0000000800000000)
  eden space 22528K, 26% used [0x00000007aab00000,0x00000007ab0e1680,0x00000007ac100000)
  from space 1536K, 92% used [0x00000007ac600000,0x00000007ac761480,0x00000007ac780000)
  to   space 2560K, 0% used [0x00000007ac280000,0x00000007ac280000,0x00000007ac500000)
 ParOldGen       total 68608K, used 16353K [0x0000000700000000, 0x0000000704300000, 0x00000007aab00000)
  object space 68608K, 23% used [0x0000000700000000,0x0000000700ff8508,0x0000000704300000)
 Metaspace       used 32133K, committed 33088K, reserved 1114112K
  class space    used 3261K, committed 3648K, reserved 1048576K
GC Heap History (20 events):
Event: 7.561 GC heap before
{Heap before GC invocations=4 (full 0):
 PSYoungGen      total 29696K, used 29664K [0x00000007aab00000, 0x00000007acc00000, 0x0000000800000000)
  eden space 25600K, 100% used [0x00000007aab00000,0x00000007ac400000,0x00000007ac400000)
  from space 4096K, 99% used [0x00000007ac400000,0x00000007ac7f8340,0x00000007ac800000)
  to   space 4096K, 0% used [0x00000007ac800000,0x00000007ac800000,0x00000007acc00000)
 ParOldGen       total 68608K, used 5695K [0x0000000700000000, 0x0000000704300000, 0x00000007aab00000)
  object space 68608K, 8% used [0x0000000700000000,0x000000070058fe88,0x0000000704300000)
 Metaspace       used 11403K, committed 11776K, reserved 1114112K
  class space    used 1202K, committed 1344K, reserved 1048576K
}
Event: 7.571 GC heap after
{Heap after GC invocations=4 (full 0):
 PSYoungGen      total 29696K, used 4066K [0x00000007aab00000, 0x00000007acc00000, 0x0000000800000000)
  eden space 25600K, 0% used [0x00000007aab00000,0x00000007aab00000,0x00000007ac400000)
  from space 4096K, 99% used [0x00000007ac800000,0x00000007acbf89b8,0x00000007acc00000)
  to   space 4096K, 0% used [0x00000007ac400000,0x00000007ac400000,0x00000007ac800000)
 ParOldGen       total 68608K, used 6976K [0x0000000700000000, 0x0000000704300000, 0x00000007aab00000)
  object space 68608K, 10% used [0x0000000700000000,0x00000007006d0060,0x0000000704300000)
 Metaspace       used 11403K, committed 11776K, reserved 1114112K
  class space    used 1202K, committed 1344K, reserved 1048576K
}
Event: 10.127 GC heap before
{Heap before GC invocations=5 (full 0):
 PSYoungGen      total 29696K, used 29608K [0x00000007aab00000, 0x00000007acc00000, 0x0000000800000000)
  eden space 25600K, 99% used [0x00000007aab00000,0x00000007ac3f16b0,0x00000007ac400000)
  from space 4096K, 99% used [0x00000007ac800000,0x00000007acbf89b8,0x00000007acc00000)
  to   space 4096K, 0% used [0x00000007ac400000,0x00000007ac400000,0x00000007ac800000)
 ParOldGen       total 68608K, used 6976K [0x0000000700000000, 0x0000000704300000, 0x00000007aab00000)
  object space 68608K, 10% used [0x0000000700000000,0x00000007006d0060,0x0000000704300000)
 Metaspace       used 14335K, committed 14848K, reserved 1114112K
  class space    used 1471K, committed 1728K, reserved 1048576K
}
Event: 10.139 GC heap after
{Heap after GC invocations=5 (full 0):
 PSYoungGen      total 29184K, used 4088K [0x00000007aab00000, 0x00000007ace80000, 0x0000000800000000)
  eden space 25088K, 0% used [0x00000007aab00000,0x00000007aab00000,0x00000007ac380000)
  from space 4096K, 99% used [0x00000007ac400000,0x00000007ac7fe260,0x00000007ac800000)
  to   space 5632K, 0% used [0x00000007ac900000,0x00000007ac900000,0x00000007ace80000)
 ParOldGen       total 68608K, used 8183K [0x0000000700000000, 0x0000000704300000, 0x00000007aab00000)
  object space 68608K, 11% used [0x0000000700000000,0x00000007007fdc38,0x0000000704300000)
 Metaspace       used 14335K, committed 14848K, reserved 1114112K
  class space    used 1471K, committed 1728K, reserved 1048576K
}
Event: 14.489 GC heap before
{Heap before GC invocations=6 (full 0):
 PSYoungGen      total 29184K, used 29176K [0x00000007aab00000, 0x00000007ace80000, 0x0000000800000000)
  eden space 25088K, 100% used [0x00000007aab00000,0x00000007ac380000,0x00000007ac380000)
  from space 4096K, 99% used [0x00000007ac400000,0x00000007ac7fe260,0x00000007ac800000)
  to   space 5632K, 0% used [0x00000007ac900000,0x00000007ac900000,0x00000007ace80000)
 ParOldGen       total 68608K, used 8183K [0x0000000700000000, 0x0000000704300000, 0x00000007aab00000)
  object space 68608K, 11% used [0x0000000700000000,0x00000007007fdc38,0x0000000704300000)
 Metaspace       used 17971K, committed 18688K, reserved 1114112K
  class space    used 1879K, committed 2176K, reserved 1048576K
}
Event: 14.502 GC heap after
{Heap after GC invocations=6 (full 0):
 PSYoungGen      total 30208K, used 5536K [0x00000007aab00000, 0x00000007ace80000, 0x0000000800000000)
  eden space 24576K, 0% used [0x00000007aab00000,0x00000007aab00000,0x00000007ac300000)
  from space 5632K, 98% used [0x00000007ac900000,0x00000007ace683e8,0x00000007ace80000)
  to   space 5632K, 0% used [0x00000007ac380000,0x00000007ac380000,0x00000007ac900000)
 ParOldGen       total 68608K, used 8191K [0x0000000700000000, 0x0000000704300000, 0x00000007aab00000)
  object space 68608K, 11% used [0x0000000700000000,0x00000007007ffc38,0x0000000704300000)
 Metaspace       used 17971K, committed 18688K, reserved 1114112K
  class space    used 1879K, committed 2176K, reserved 1048576K
}
Event: 16.080 GC heap before
{Heap before GC invocations=7 (full 0):
 PSYoungGen      total 30208K, used 30112K [0x00000007aab00000, 0x00000007ace80000, 0x0000000800000000)
  eden space 24576K, 100% used [0x00000007aab00000,0x00000007ac300000,0x00000007ac300000)
  from space 5632K, 98% used [0x00000007ac900000,0x00000007ace683e8,0x00000007ace80000)
  to   space 5632K, 0% used [0x00000007ac380000,0x00000007ac380000,0x00000007ac900000)
 ParOldGen       total 68608K, used 8191K [0x0000000700000000, 0x0000000704300000, 0x00000007aab00000)
  object space 68608K, 11% used [0x0000000700000000,0x00000007007ffc38,0x0000000704300000)
 Metaspace       used 20102K, committed 20928K, reserved 1114112K
  class space    used 2107K, committed 2432K, reserved 1048576K
}
Event: 16.088 GC heap after
{Heap after GC invocations=7 (full 0):
 PSYoungGen      total 28672K, used 4571K [0x00000007aab00000, 0x00000007acc80000, 0x0000000800000000)
  eden space 24064K, 0% used [0x00000007aab00000,0x00000007aab00000,0x00000007ac280000)
  from space 4608K, 99% used [0x00000007ac380000,0x00000007ac7f6ee0,0x00000007ac800000)
  to   space 4608K, 0% used [0x00000007ac800000,0x00000007ac800000,0x00000007acc80000)
 ParOldGen       total 68608K, used 9690K [0x0000000700000000, 0x0000000704300000, 0x00000007aab00000)
  object space 68608K, 14% used [0x0000000700000000,0x00000007009768e0,0x0000000704300000)
 Metaspace       used 20102K, committed 20928K, reserved 1114112K
  class space    used 2107K, committed 2432K, reserved 1048576K
}
Event: 16.605 GC heap before
{Heap before GC invocations=8 (full 0):
 PSYoungGen      total 28672K, used 9373K [0x00000007aab00000, 0x00000007acc80000, 0x0000000800000000)
  eden space 24064K, 19% used [0x00000007aab00000,0x00000007aafb0600,0x00000007ac280000)
  from space 4608K, 99% used [0x00000007ac380000,0x00000007ac7f6ee0,0x00000007ac800000)
  to   space 4608K, 0% used [0x00000007ac800000,0x00000007ac800000,0x00000007acc80000)
 ParOldGen       total 68608K, used 9690K [0x0000000700000000, 0x0000000704300000, 0x00000007aab00000)
  object space 68608K, 14% used [0x0000000700000000,0x00000007009768e0,0x0000000704300000)
 Metaspace       used 20740K, committed 21504K, reserved 1114112K
  class space    used 2182K, committed 2496K, reserved 1048576K
}
Event: 16.608 GC heap after
{Heap after GC invocations=8 (full 0):
 PSYoungGen      total 28672K, used 4183K [0x00000007aab00000, 0x00000007acc80000, 0x0000000800000000)
  eden space 24064K, 0% used [0x00000007aab00000,0x00000007aab00000,0x00000007ac280000)
  from space 4608K, 90% used [0x00000007ac800000,0x00000007acc15db0,0x00000007acc80000)
  to   space 4608K, 0% used [0x00000007ac380000,0x00000007ac380000,0x00000007ac800000)
 ParOldGen       total 68608K, used 10190K [0x0000000700000000, 0x0000000704300000, 0x00000007aab00000)
  object space 68608K, 14% used [0x0000000700000000,0x00000007009f3be8,0x0000000704300000)
 Metaspace       used 20740K, committed 21504K, reserved 1114112K
  class space    used 2182K, committed 2496K, reserved 1048576K
}
Event: 16.608 GC heap before
{Heap before GC invocations=9 (full 1):
 PSYoungGen      total 28672K, used 4183K [0x00000007aab00000, 0x00000007acc80000, 0x0000000800000000)
  eden space 24064K, 0% used [0x00000007aab00000,0x00000007aab00000,0x00000007ac280000)
  from space 4608K, 90% used [0x00000007ac800000,0x00000007acc15db0,0x00000007acc80000)
  to   space 4608K, 0% used [0x00000007ac380000,0x00000007ac380000,0x00000007ac800000)
 ParOldGen       total 68608K, used 10190K [0x0000000700000000, 0x0000000704300000, 0x00000007aab00000)
  object space 68608K, 14% used [0x0000000700000000,0x00000007009f3be8,0x0000000704300000)
 Metaspace       used 20740K, committed 21504K, reserved 1114112K
  class space    used 2182K, committed 2496K, reserved 1048576K
}
Event: 16.687 GC heap after
{Heap after GC invocations=9 (full 1):
 PSYoungGen      total 28672K, used 0K [0x00000007aab00000, 0x00000007acc80000, 0x0000000800000000)
  eden space 24064K, 0% used [0x00000007aab00000,0x00000007aab00000,0x00000007ac280000)
  from space 4608K, 0% used [0x00000007ac800000,0x00000007ac800000,0x00000007acc80000)
  to   space 4608K, 0% used [0x00000007ac380000,0x00000007ac380000,0x00000007ac800000)
 ParOldGen       total 68608K, used 13184K [0x0000000700000000, 0x0000000704300000, 0x00000007aab00000)
  object space 68608K, 19% used [0x0000000700000000,0x0000000700ce0050,0x0000000704300000)
 Metaspace       used 20727K, committed 21504K, reserved 1114112K
  class space    used 2179K, committed 2496K, reserved 1048576K
}
Event: 17.837 GC heap before
{Heap before GC invocations=10 (full 1):
 PSYoungGen      total 28672K, used 24064K [0x00000007aab00000, 0x00000007acc80000, 0x0000000800000000)
  eden space 24064K, 100% used [0x00000007aab00000,0x00000007ac280000,0x00000007ac280000)
  from space 4608K, 0% used [0x00000007ac800000,0x00000007ac800000,0x00000007acc80000)
  to   space 4608K, 0% used [0x00000007ac380000,0x00000007ac380000,0x00000007ac800000)
 ParOldGen       total 68608K, used 13184K [0x0000000700000000, 0x0000000704300000, 0x00000007aab00000)
  object space 68608K, 19% used [0x0000000700000000,0x0000000700ce0050,0x0000000704300000)
 Metaspace       used 22922K, committed 23744K, reserved 1114112K
  class space    used 2371K, committed 2752K, reserved 1048576K
}
Event: 17.839 GC heap after
{Heap after GC invocations=10 (full 1):
 PSYoungGen      total 24576K, used 861K [0x00000007aab00000, 0x00000007ac880000, 0x0000000800000000)
  eden space 23552K, 0% used [0x00000007aab00000,0x00000007aab00000,0x00000007ac200000)
  from space 1024K, 84% used [0x00000007ac380000,0x00000007ac457460,0x00000007ac480000)
  to   space 2560K, 0% used [0x00000007ac600000,0x00000007ac600000,0x00000007ac880000)
 ParOldGen       total 68608K, used 13192K [0x0000000700000000, 0x0000000704300000, 0x00000007aab00000)
  object space 68608K, 19% used [0x0000000700000000,0x0000000700ce2050,0x0000000704300000)
 Metaspace       used 22922K, committed 23744K, reserved 1114112K
  class space    used 2371K, committed 2752K, reserved 1048576K
}
Event: 18.973 GC heap before
{Heap before GC invocations=11 (full 1):
 PSYoungGen      total 24576K, used 24413K [0x00000007aab00000, 0x00000007ac880000, 0x0000000800000000)
  eden space 23552K, 100% used [0x00000007aab00000,0x00000007ac200000,0x00000007ac200000)
  from space 1024K, 84% used [0x00000007ac380000,0x00000007ac457460,0x00000007ac480000)
  to   space 2560K, 0% used [0x00000007ac600000,0x00000007ac600000,0x00000007ac880000)
 ParOldGen       total 68608K, used 13192K [0x0000000700000000, 0x0000000704300000, 0x00000007aab00000)
  object space 68608K, 19% used [0x0000000700000000,0x0000000700ce2088,0x0000000704300000)
 Metaspace       used 26649K, committed 27520K, reserved 1114112K
  class space    used 2682K, committed 3072K, reserved 1048576K
}
Event: 18.975 GC heap after
{Heap after GC invocations=11 (full 1):
 PSYoungGen      total 25600K, used 1746K [0x00000007aab00000, 0x00000007ac800000, 0x0000000800000000)
  eden space 23552K, 0% used [0x00000007aab00000,0x00000007aab00000,0x00000007ac200000)
  from space 2048K, 85% used [0x00000007ac600000,0x00000007ac7b4848,0x00000007ac800000)
  to   space 2048K, 0% used [0x00000007ac400000,0x00000007ac400000,0x00000007ac600000)
 ParOldGen       total 68608K, used 13200K [0x0000000700000000, 0x0000000704300000, 0x00000007aab00000)
  object space 68608K, 19% used [0x0000000700000000,0x0000000700ce4088,0x0000000704300000)
 Metaspace       used 26649K, committed 27520K, reserved 1114112K
  class space    used 2682K, committed 3072K, reserved 1048576K
}
Event: 19.355 GC heap before
{Heap before GC invocations=12 (full 1):
 PSYoungGen      total 25600K, used 25298K [0x00000007aab00000, 0x00000007ac800000, 0x0000000800000000)
  eden space 23552K, 100% used [0x00000007aab00000,0x00000007ac200000,0x00000007ac200000)
  from space 2048K, 85% used [0x00000007ac600000,0x00000007ac7b4848,0x00000007ac800000)
  to   space 2048K, 0% used [0x00000007ac400000,0x00000007ac400000,0x00000007ac600000)
 ParOldGen       total 68608K, used 13213K [0x0000000700000000, 0x0000000704300000, 0x00000007aab00000)
  object space 68608K, 19% used [0x0000000700000000,0x0000000700ce7580,0x0000000704300000)
 Metaspace       used 28271K, committed 29248K, reserved 1114112K
  class space    used 2820K, committed 3264K, reserved 1048576K
}
Event: 19.358 GC heap after
{Heap after GC invocations=12 (full 1):
 PSYoungGen      total 25088K, used 2024K [0x00000007aab00000, 0x00000007ac980000, 0x0000000800000000)
  eden space 23040K, 0% used [0x00000007aab00000,0x00000007aab00000,0x00000007ac180000)
  from space 2048K, 98% used [0x00000007ac400000,0x00000007ac5fa2b0,0x00000007ac600000)
  to   space 3584K, 0% used [0x00000007ac600000,0x00000007ac600000,0x00000007ac980000)
 ParOldGen       total 68608K, used 14480K [0x0000000700000000, 0x0000000704300000, 0x00000007aab00000)
  object space 68608K, 21% used [0x0000000700000000,0x0000000700e242c8,0x0000000704300000)
 Metaspace       used 28271K, committed 29248K, reserved 1114112K
  class space    used 2820K, committed 3264K, reserved 1048576K
}
Event: 20.737 GC heap before
{Heap before GC invocations=13 (full 1):
 PSYoungGen      total 25088K, used 25064K [0x00000007aab00000, 0x00000007ac980000, 0x0000000800000000)
  eden space 23040K, 100% used [0x00000007aab00000,0x00000007ac180000,0x00000007ac180000)
  from space 2048K, 98% used [0x00000007ac400000,0x00000007ac5fa2b0,0x00000007ac600000)
  to   space 3584K, 0% used [0x00000007ac600000,0x00000007ac600000,0x00000007ac980000)
 ParOldGen       total 68608K, used 14480K [0x0000000700000000, 0x0000000704300000, 0x00000007aab00000)
  object space 68608K, 21% used [0x0000000700000000,0x0000000700e242c8,0x0000000704300000)
 Metaspace       used 31034K, committed 32000K, reserved 1114112K
  class space    used 3145K, committed 3520K, reserved 1048576K
}
Event: 20.741 GC heap after
{Heap after GC invocations=13 (full 1):
 PSYoungGen      total 24064K, used 1413K [0x00000007aab00000, 0x00000007ac780000, 0x0000000800000000)
  eden space 22528K, 0% used [0x00000007aab00000,0x00000007aab00000,0x00000007ac100000)
  from space 1536K, 92% used [0x00000007ac600000,0x00000007ac761480,0x00000007ac780000)
  to   space 2560K, 0% used [0x00000007ac280000,0x00000007ac280000,0x00000007ac500000)
 ParOldGen       total 68608K, used 16353K [0x0000000700000000, 0x0000000704300000, 0x00000007aab00000)
  object space 68608K, 23% used [0x0000000700000000,0x0000000700ff8508,0x0000000704300000)
 Metaspace       used 31034K, committed 32000K, reserved 1114112K
  class space    used 3145K, committed 3520K, reserved 1048576K
}

