# JRE version: OpenJDK Runtime Environment Temurin-21.0.12.1+1 (21.0.12.1+1) (build 21.0.12.1+1-LTS)
# Java VM: OpenJDK 64-Bit Server VM Temurin-21.0.12.1+1 (21.0.12.1+1-LTS, mixed mode, sharing, tiered, compressed oops, compressed class ptrs, parallel gc, windows-amd64)
GC Precious Log:
 CardTable entry size: 512
 CPUs: 8 total, 8 available
 Memory: 7948M
 Large Page Support: Disabled
 NUMA Support: Disabled
 Compressed Oops: Enabled (Zero based)
 Alignments: Space 512K, Generation 512K, Heap 2M
 Heap Min Capacity: 100M
 Heap Initial Capacity: 100M
 Heap Max Capacity: 4G
 Pre-touch: Disabled
 Parallel Workers: 8
Heap:
 PSYoungGen      total 23552K, used 11010K [0x00000007aab00000, 0x00000007ac500000, 0x0000000800000000)
  eden space 21504K, 42% used [0x00000007aab00000,0x00000007ab3e48a8,0x00000007ac000000)
  from space 2048K, 92% used [0x00000007ac000000,0x00000007ac1dc010,0x00000007ac200000)
  to   space 2560K, 0% used [0x00000007ac280000,0x00000007ac280000,0x00000007ac500000)
 ParOldGen       total 68608K, used 22223K [0x0000000700000000, 0x0000000704300000, 0x00000007aab00000)
  object space 68608K, 32% used [0x0000000700000000,0x00000007015b3e08,0x0000000704300000)
 Metaspace       used 41466K, committed 42560K, reserved 1114112K
  class space    used 4404K, committed 4864K, reserved 1048576K
GC Heap History (20 events):
Event: 36.064 GC heap before
{Heap before GC invocations=10 (full 1):
 PSYoungGen      total 27648K, used 24064K [0x00000007aab00000, 0x00000007acb80000, 0x0000000800000000)
  eden space 24064K, 100% used [0x00000007aab00000,0x00000007ac280000,0x00000007ac280000)
  from space 3584K, 0% used [0x00000007ac800000,0x00000007ac800000,0x00000007acb80000)
  to   space 4608K, 0% used [0x00000007ac280000,0x00000007ac280000,0x00000007ac700000)
 ParOldGen       total 68608K, used 13170K [0x0000000700000000, 0x0000000704300000, 0x00000007aab00000)
  object space 68608K, 19% used [0x0000000700000000,0x0000000700cdca90,0x0000000704300000)
 Metaspace       used 22948K, committed 23808K, reserved 1114112K
  class space    used 2361K, committed 2752K, reserved 1048576K
}
Event: 36.067 GC heap after
{Heap after GC invocations=10 (full 1):
 PSYoungGen      total 24576K, used 820K [0x00000007aab00000, 0x00000007ac880000, 0x0000000800000000)
  eden space 23552K, 0% used [0x00000007aab00000,0x00000007aab00000,0x00000007ac200000)
  from space 1024K, 80% used [0x00000007ac280000,0x00000007ac34d3f0,0x00000007ac380000)
  to   space 2560K, 0% used [0x00000007ac600000,0x00000007ac600000,0x00000007ac880000)
 ParOldGen       total 68608K, used 13178K [0x0000000700000000, 0x0000000704300000, 0x00000007aab00000)
  object space 68608K, 19% used [0x0000000700000000,0x0000000700cdea90,0x0000000704300000)
 Metaspace       used 22948K, committed 23808K, reserved 1114112K
  class space    used 2361K, committed 2752K, reserved 1048576K
}
Event: 37.215 GC heap before
{Heap before GC invocations=11 (full 1):
 PSYoungGen      total 24576K, used 24372K [0x00000007aab00000, 0x00000007ac880000, 0x0000000800000000)
  eden space 23552K, 100% used [0x00000007aab00000,0x00000007ac200000,0x00000007ac200000)
  from space 1024K, 80% used [0x00000007ac280000,0x00000007ac34d3f0,0x00000007ac380000)
  to   space 2560K, 0% used [0x00000007ac600000,0x00000007ac600000,0x00000007ac880000)
 ParOldGen       total 68608K, used 13178K [0x0000000700000000, 0x0000000704300000, 0x00000007aab00000)
  object space 68608K, 19% used [0x0000000700000000,0x0000000700cdea90,0x0000000704300000)
 Metaspace       used 26502K, committed 27456K, reserved 1114112K
  class space    used 2673K, committed 3072K, reserved 1048576K
}
Event: 37.219 GC heap after
{Heap after GC invocations=11 (full 1):
 PSYoungGen      total 24576K, used 1483K [0x00000007aab00000, 0x00000007ac780000, 0x0000000800000000)
  eden space 23040K, 0% used [0x00000007aab00000,0x00000007aab00000,0x00000007ac180000)
  from space 1536K, 96% used [0x00000007ac600000,0x00000007ac772d48,0x00000007ac780000)
  to   space 2048K, 0% used [0x00000007ac380000,0x00000007ac380000,0x00000007ac580000)
 ParOldGen       total 68608K, used 13186K [0x0000000700000000, 0x0000000704300000, 0x00000007aab00000)
  object space 68608K, 19% used [0x0000000700000000,0x0000000700ce0a90,0x0000000704300000)
 Metaspace       used 26502K, committed 27456K, reserved 1114112K
  class space    used 2673K, committed 3072K, reserved 1048576K
}
Event: 38.158 GC heap before
{Heap before GC invocations=12 (full 1):
 PSYoungGen      total 24576K, used 24523K [0x00000007aab00000, 0x00000007ac780000, 0x0000000800000000)
  eden space 23040K, 100% used [0x00000007aab00000,0x00000007ac180000,0x00000007ac180000)
  from space 1536K, 96% used [0x00000007ac600000,0x00000007ac772d48,0x00000007ac780000)
  to   space 2048K, 0% used [0x00000007ac380000,0x00000007ac380000,0x00000007ac580000)
 ParOldGen       total 68608K, used 13186K [0x0000000700000000, 0x0000000704300000, 0x00000007aab00000)
  object space 68608K, 19% used [0x0000000700000000,0x0000000700ce0a90,0x0000000704300000)
 Metaspace       used 28576K, committed 29440K, reserved 1114112K
  class space    used 2834K, committed 3200K, reserved 1048576K
}
Event: 38.164 GC heap after
{Heap after GC invocations=12 (full 1):
 PSYoungGen      total 24576K, used 1691K [0x00000007aab00000, 0x00000007ac680000, 0x0000000800000000)
  eden space 22528K, 0% used [0x00000007aab00000,0x00000007aab00000,0x00000007ac100000)
  from space 2048K, 82% used [0x00000007ac380000,0x00000007ac526da0,0x00000007ac580000)
  to   space 1024K, 0% used [0x00000007ac580000,0x00000007ac580000,0x00000007ac680000)
 ParOldGen       total 68608K, used 15265K [0x0000000700000000, 0x0000000704300000, 0x00000007aab00000)
  object space 68608K, 22% used [0x0000000700000000,0x0000000700ee8408,0x0000000704300000)
 Metaspace       used 28576K, committed 29440K, reserved 1114112K
  class space    used 2834K, committed 3200K, reserved 1048576K
}
Event: 39.676 GC heap before
{Heap before GC invocations=13 (full 1):
 PSYoungGen      total 24576K, used 24219K [0x00000007aab00000, 0x00000007ac680000, 0x0000000800000000)
  eden space 22528K, 100% used [0x00000007aab00000,0x00000007ac100000,0x00000007ac100000)
  from space 2048K, 82% used [0x00000007ac380000,0x00000007ac526da0,0x00000007ac580000)
  to   space 1024K, 0% used [0x00000007ac580000,0x00000007ac580000,0x00000007ac680000)
 ParOldGen       total 68608K, used 15265K [0x0000000700000000, 0x0000000704300000, 0x00000007aab00000)
  object space 68608K, 22% used [0x0000000700000000,0x0000000700ee8408,0x0000000704300000)
 Metaspace       used 30571K, committed 31552K, reserved 1114112K
  class space    used 3054K, committed 3456K, reserved 1048576K
}
Event: 39.681 GC heap after
{Heap after GC invocations=13 (full 1):
 PSYoungGen      total 23040K, used 994K [0x00000007aab00000, 0x00000007ac680000, 0x0000000800000000)
  eden space 22016K, 0% used [0x00000007aab00000,0x00000007aab00000,0x00000007ac080000)
  from space 1024K, 97% used [0x00000007ac580000,0x00000007ac678a30,0x00000007ac680000)
  to   space 3072K, 0% used [0x00000007ac080000,0x00000007ac080000,0x00000007ac380000)
 ParOldGen       total 68608K, used 16857K [0x0000000700000000, 0x0000000704300000, 0x00000007aab00000)
  object space 68608K, 24% used [0x0000000700000000,0x0000000701076620,0x0000000704300000)
 Metaspace       used 30571K, committed 31552K, reserved 1114112K
  class space    used 3054K, committed 3456K, reserved 1048576K
}
Event: 41.297 GC heap before
{Heap before GC invocations=14 (full 1):
 PSYoungGen      total 23040K, used 23010K [0x00000007aab00000, 0x00000007ac680000, 0x0000000800000000)
  eden space 22016K, 100% used [0x00000007aab00000,0x00000007ac080000,0x00000007ac080000)
  from space 1024K, 97% used [0x00000007ac580000,0x00000007ac678a30,0x00000007ac680000)
  to   space 3072K, 0% used [0x00000007ac080000,0x00000007ac080000,0x00000007ac380000)
 ParOldGen       total 68608K, used 16857K [0x0000000700000000, 0x0000000704300000, 0x00000007aab00000)
  object space 68608K, 24% used [0x0000000700000000,0x0000000701076620,0x0000000704300000)
 Metaspace       used 32917K, committed 33920K, reserved 1114112K
  class space    used 3347K, committed 3712K, reserved 1048576K
}
Event: 41.302 GC heap after
{Heap after GC invocations=14 (full 1):
 PSYoungGen      total 25088K, used 1177K [0x00000007aab00000, 0x00000007ac600000, 0x0000000800000000)
  eden space 22016K, 0% used [0x00000007aab00000,0x00000007aab00000,0x00000007ac080000)
  from space 3072K, 38% used [0x00000007ac080000,0x00000007ac1a67c0,0x00000007ac380000)
  to   space 2048K, 0% used [0x00000007ac400000,0x00000007ac400000,0x00000007ac600000)
 ParOldGen       total 68608K, used 17825K [0x0000000700000000, 0x0000000704300000, 0x00000007aab00000)
  object space 68608K, 25% used [0x0000000700000000,0x0000000701168680,0x0000000704300000)
 Metaspace       used 32917K, committed 33920K, reserved 1114112K
  class space    used 3347K, committed 3712K, reserved 1048576K
}
Event: 42.715 GC heap before
{Heap before GC invocations=15 (full 1):
 PSYoungGen      total 25088K, used 19992K [0x00000007aab00000, 0x00000007ac600000, 0x0000000800000000)
  eden space 22016K, 85% used [0x00000007aab00000,0x00000007abd5fb38,0x00000007ac080000)
  from space 3072K, 38% used [0x00000007ac080000,0x00000007ac1a67c0,0x00000007ac380000)
  to   space 2048K, 0% used [0x00000007ac400000,0x00000007ac400000,0x00000007ac600000)
 ParOldGen       total 68608K, used 17825K [0x0000000700000000, 0x0000000704300000, 0x00000007aab00000)
  object space 68608K, 25% used [0x0000000700000000,0x0000000701168680,0x0000000704300000)
 Metaspace       used 34742K, committed 35840K, reserved 1114112K
  class space    used 3569K, committed 4032K, reserved 1048576K
}
Event: 42.719 GC heap after
{Heap after GC invocations=15 (full 1):
 PSYoungGen      total 24064K, used 1749K [0x00000007aab00000, 0x00000007ac600000, 0x0000000800000000)
  eden space 22016K, 0% used [0x00000007aab00000,0x00000007aab00000,0x00000007ac080000)
  from space 2048K, 85% used [0x00000007ac400000,0x00000007ac5b56a8,0x00000007ac600000)
  to   space 2048K, 0% used [0x00000007ac200000,0x00000007ac200000,0x00000007ac400000)
 ParOldGen       total 68608K, used 18667K [0x0000000700000000, 0x0000000704300000, 0x00000007aab00000)
  object space 68608K, 27% used [0x0000000700000000,0x000000070123ada0,0x0000000704300000)
 Metaspace       used 34742K, committed 35840K, reserved 1114112K
  class space    used 3569K, committed 4032K, reserved 1048576K
}
Event: 42.719 GC heap before
{Heap before GC invocations=16 (full 2):
 PSYoungGen      total 24064K, used 1749K [0x00000007aab00000, 0x00000007ac600000, 0x0000000800000000)
  eden space 22016K, 0% used [0x00000007aab00000,0x00000007aab00000,0x00000007ac080000)
  from space 2048K, 85% used [0x00000007ac400000,0x00000007ac5b56a8,0x00000007ac600000)
  to   space 2048K, 0% used [0x00000007ac200000,0x00000007ac200000,0x00000007ac400000)
 ParOldGen       total 68608K, used 18667K [0x0000000700000000, 0x0000000704300000, 0x00000007aab00000)
  object space 68608K, 27% used [0x0000000700000000,0x000000070123ada0,0x0000000704300000)
 Metaspace       used 34742K, committed 35840K, reserved 1114112K
  class space    used 3569K, committed 4032K, reserved 1048576K
}
Event: 42.820 GC heap after
{Heap after GC invocations=16 (full 2):
 PSYoungGen      total 24064K, used 0K [0x00000007aab00000, 0x00000007ac600000, 0x0000000800000000)
  eden space 22016K, 0% used [0x00000007aab00000,0x00000007aab00000,0x00000007ac080000)
  from space 2048K, 0% used [0x00000007ac400000,0x00000007ac400000,0x00000007ac600000)
  to   space 2048K, 0% used [0x00000007ac200000,0x00000007ac200000,0x00000007ac400000)
 ParOldGen       total 68608K, used 19670K [0x0000000700000000, 0x0000000704300000, 0x00000007aab00000)
  object space 68608K, 28% used [0x0000000700000000,0x0000000701335980,0x0000000704300000)
 Metaspace       used 34728K, committed 35840K, reserved 1114112K
  class space    used 3565K, committed 4032K, reserved 1048576K
}
Event: 43.720 GC heap before
{Heap before GC invocations=17 (full 2):
 PSYoungGen      total 24064K, used 22016K [0x00000007aab00000, 0x00000007ac600000, 0x0000000800000000)
  eden space 22016K, 100% used [0x00000007aab00000,0x00000007ac080000,0x00000007ac080000)
  from space 2048K, 0% used [0x00000007ac400000,0x00000007ac400000,0x00000007ac600000)
  to   space 2048K, 0% used [0x00000007ac200000,0x00000007ac200000,0x00000007ac400000)
 ParOldGen       total 68608K, used 19670K [0x0000000700000000, 0x0000000704300000, 0x00000007aab00000)
  object space 68608K, 28% used [0x0000000700000000,0x0000000701335980,0x0000000704300000)
 Metaspace       used 37014K, committed 38208K, reserved 1114112K
  class space    used 3855K, committed 4352K, reserved 1048576K
}
Event: 43.723 GC heap after
{Heap after GC invocations=17 (full 2):
 PSYoungGen      total 23040K, used 844K [0x00000007aab00000, 0x00000007ac480000, 0x0000000800000000)
  eden space 22016K, 0% used [0x00000007aab00000,0x00000007aab00000,0x00000007ac080000)
  from space 1024K, 82% used [0x00000007ac200000,0x00000007ac2d3108,0x00000007ac300000)
  to   space 1536K, 0% used [0x00000007ac300000,0x00000007ac300000,0x00000007ac480000)
 ParOldGen       total 68608K, used 19678K [0x0000000700000000, 0x0000000704300000, 0x00000007aab00000)
  object space 68608K, 28% used [0x0000000700000000,0x0000000701337980,0x0000000704300000)
 Metaspace       used 37014K, committed 38208K, reserved 1114112K
  class space    used 3855K, committed 4352K, reserved 1048576K
}
Event: 44.786 GC heap before
{Heap before GC invocations=18 (full 2):
 PSYoungGen      total 23040K, used 22860K [0x00000007aab00000, 0x00000007ac480000, 0x0000000800000000)
  eden space 22016K, 100% used [0x00000007aab00000,0x00000007ac080000,0x00000007ac080000)
  from space 1024K, 82% used [0x00000007ac200000,0x00000007ac2d3108,0x00000007ac300000)
  to   space 1536K, 0% used [0x00000007ac300000,0x00000007ac300000,0x00000007ac480000)
 ParOldGen       total 68608K, used 19678K [0x0000000700000000, 0x0000000704300000, 0x00000007aab00000)
  object space 68608K, 28% used [0x0000000700000000,0x0000000701337980,0x0000000704300000)
 Metaspace       used 38806K, committed 39936K, reserved 1114112K
  class space    used 4096K, committed 4608K, reserved 1048576K
}
Event: 44.790 GC heap after
{Heap after GC invocations=18 (full 2):
 PSYoungGen      total 23040K, used 1536K [0x00000007aab00000, 0x00000007ac680000, 0x0000000800000000)
  eden space 21504K, 0% used [0x00000007aab00000,0x00000007aab00000,0x00000007ac000000)
  from space 1536K, 100% used [0x00000007ac300000,0x00000007ac480000,0x00000007ac480000)
  to   space 3072K, 0% used [0x00000007ac000000,0x00000007ac000000,0x00000007ac300000)
 ParOldGen       total 68608K, used 20711K [0x0000000700000000, 0x0000000704300000, 0x00000007aab00000)
  object space 68608K, 30% used [0x0000000700000000,0x0000000701439e08,0x0000000704300000)
 Metaspace       used 38806K, committed 39936K, reserved 1114112K
  class space    used 4096K, committed 4608K, reserved 1048576K
}
Event: 45.887 GC heap before
{Heap before GC invocations=19 (full 2):
 PSYoungGen      total 23040K, used 23040K [0x00000007aab00000, 0x00000007ac680000, 0x0000000800000000)
  eden space 21504K, 100% used [0x00000007aab00000,0x00000007ac000000,0x00000007ac000000)
  from space 1536K, 100% used [0x00000007ac300000,0x00000007ac480000,0x00000007ac480000)
  to   space 3072K, 0% used [0x00000007ac000000,0x00000007ac000000,0x00000007ac300000)
 ParOldGen       total 68608K, used 20711K [0x0000000700000000, 0x0000000704300000, 0x00000007aab00000)
  object space 68608K, 30% used [0x0000000700000000,0x0000000701439e08,0x0000000704300000)
 Metaspace       used 40846K, committed 41984K, reserved 1114112K
  class space    used 4322K, committed 4800K, reserved 1048576K
}
Event: 45.892 GC heap after
{Heap after GC invocations=19 (full 2):
 PSYoungGen      total 23552K, used 1904K [0x00000007aab00000, 0x00000007ac500000, 0x0000000800000000)
  eden space 21504K, 0% used [0x00000007aab00000,0x00000007aab00000,0x00000007ac000000)
  from space 2048K, 92% used [0x00000007ac000000,0x00000007ac1dc010,0x00000007ac200000)
  to   space 2560K, 0% used [0x00000007ac280000,0x00000007ac280000,0x00000007ac500000)
 ParOldGen       total 68608K, used 22223K [0x0000000700000000, 0x0000000704300000, 0x00000007aab00000)
  object space 68608K, 32% used [0x0000000700000000,0x00000007015b3e08,0x0000000704300000)
 Metaspace       used 40846K, committed 41984K, reserved 1114112K
  class space    used 4322K, committed 4800K, reserved 1048576K
}

