# JRE version: OpenJDK Runtime Environment Temurin-21.0.12.1+1 (21.0.12.1+1) (build 21.0.12.1+1-LTS)
# Java VM: OpenJDK 64-Bit Server VM Temurin-21.0.12.1+1 (21.0.12.1+1-LTS, mixed mode, sharing, tiered, compressed oops, compressed class ptrs, g1 gc, windows-amd64)
GC Precious Log:
 CardTable entry size: 512
 Card Set container configuration: InlinePtr #cards 5 size 8 Array Of Cards #cards 12 size 40 Howl #buckets 4 coarsen threshold 1843 Howl Bitmap #cards 512 size 80 coarsen threshold 460 Card regions per heap region 1 cards per card region 2048
 CPUs: 8 total, 8 available
 Memory: 7948M
 Large Page Support: Disabled
 NUMA Support: Disabled
 Compressed Oops: Enabled (32-bit)
 Heap Region Size: 1M
 Heap Min Capacity: 256M
 Heap Initial Capacity: 256M
 Heap Max Capacity: 512M
 Pre-touch: Disabled
 Parallel Workers: 8
 Concurrent Workers: 2
 Concurrent Refinement Workers: 8
 Periodic GC: Disabled
Heap:
 garbage-first heap   total 262144K, used 166613K [0x00000000e0000000, 0x0000000100000000)
  region size 1024K, 141 young (144384K), 17 survivors (17408K)
 Metaspace       used 58498K, committed 60736K, reserved 393216K
  class space    used 8655K, committed 9728K, reserved 327680K
GC Heap History (16 events):
Event: 5.350 GC heap before
{Heap before GC invocations=0 (full 0):
 garbage-first heap   total 262144K, used 26624K [0x00000000e0000000, 0x0000000100000000)
  region size 1024K, 23 young (23552K), 0 survivors (0K)
 Metaspace       used 2936K, committed 3136K, reserved 393216K
  class space    used 349K, committed 448K, reserved 327680K
}
Event: 5.572 GC heap after
{Heap after GC invocations=1 (full 0):
 garbage-first heap   total 262144K, used 10879K [0x00000000e0000000, 0x0000000100000000)
  region size 1024K, 3 young (3072K), 3 survivors (3072K)
 Metaspace       used 2936K, committed 3136K, reserved 393216K
  class space    used 349K, committed 448K, reserved 327680K
}
Event: 13.665 GC heap before
{Heap before GC invocations=1 (full 0):
 garbage-first heap   total 262144K, used 40575K [0x00000000e0000000, 0x0000000100000000)
  region size 1024K, 31 young (31744K), 3 survivors (3072K)
 Metaspace       used 4663K, committed 4864K, reserved 393216K
  class space    used 591K, committed 704K, reserved 327680K
}
Event: 13.675 GC heap after
{Heap after GC invocations=2 (full 0):
 garbage-first heap   total 262144K, used 14913K [0x00000000e0000000, 0x0000000100000000)
  region size 1024K, 3 young (3072K), 3 survivors (3072K)
 Metaspace       used 4663K, committed 4864K, reserved 393216K
  class space    used 591K, committed 704K, reserved 327680K
}
Event: 39.533 GC heap before
{Heap before GC invocations=2 (full 0):
 garbage-first heap   total 262144K, used 101953K [0x00000000e0000000, 0x0000000100000000)
  region size 1024K, 88 young (90112K), 3 survivors (3072K)
 Metaspace       used 17869K, committed 18432K, reserved 393216K
  class space    used 2483K, committed 2752K, reserved 327680K
}
Event: 39.566 GC heap after
{Heap after GC invocations=3 (full 0):
 garbage-first heap   total 262144K, used 22726K [0x00000000e0000000, 0x0000000100000000)
  region size 1024K, 11 young (11264K), 11 survivors (11264K)
 Metaspace       used 17869K, committed 18432K, reserved 393216K
  class space    used 2483K, committed 2752K, reserved 327680K
}
Event: 46.782 GC heap before
{Heap before GC invocations=3 (full 0):
 garbage-first heap   total 262144K, used 45254K [0x00000000e0000000, 0x0000000100000000)
  region size 1024K, 34 young (34816K), 11 survivors (11264K)
 Metaspace       used 20849K, committed 21504K, reserved 393216K
  class space    used 2982K, committed 3328K, reserved 327680K
}
Event: 46.803 GC heap after
{Heap after GC invocations=4 (full 0):
 garbage-first heap   total 262144K, used 24698K [0x00000000e0000000, 0x0000000100000000)
  region size 1024K, 3 young (3072K), 3 survivors (3072K)
 Metaspace       used 20849K, committed 21504K, reserved 393216K
  class space    used 2982K, committed 3328K, reserved 327680K
}
Event: 78.189 GC heap before
{Heap before GC invocations=5 (full 0):
 garbage-first heap   total 262144K, used 126074K [0x00000000e0000000, 0x0000000100000000)
  region size 1024K, 104 young (106496K), 3 survivors (3072K)
 Metaspace       used 34563K, committed 35968K, reserved 393216K
  class space    used 5114K, committed 5824K, reserved 327680K
}
Event: 78.219 GC heap after
{Heap after GC invocations=6 (full 0):
 garbage-first heap   total 262144K, used 30294K [0x00000000e0000000, 0x0000000100000000)
  region size 1024K, 8 young (8192K), 8 survivors (8192K)
 Metaspace       used 34563K, committed 35968K, reserved 393216K
  class space    used 5114K, committed 5824K, reserved 327680K
}
Event: 79.040 GC heap before
{Heap before GC invocations=6 (full 0):
 garbage-first heap   total 262144K, used 31318K [0x00000000e0000000, 0x0000000100000000)
  region size 1024K, 10 young (10240K), 8 survivors (8192K)
 Metaspace       used 34933K, committed 36288K, reserved 393216K
  class space    used 5139K, committed 5824K, reserved 327680K
}
Event: 79.060 GC heap after
{Heap after GC invocations=7 (full 0):
 garbage-first heap   total 262144K, used 30842K [0x00000000e0000000, 0x0000000100000000)
  region size 1024K, 9 young (9216K), 9 survivors (9216K)
 Metaspace       used 34933K, committed 36288K, reserved 393216K
  class space    used 5139K, committed 5824K, reserved 327680K
}
Event: 79.838 GC heap before
{Heap before GC invocations=7 (full 0):
 garbage-first heap   total 262144K, used 32890K [0x00000000e0000000, 0x0000000100000000)
  region size 1024K, 12 young (12288K), 9 survivors (9216K)
 Metaspace       used 35251K, committed 36608K, reserved 393216K
  class space    used 5174K, committed 5824K, reserved 327680K
}
Event: 79.853 GC heap after
{Heap after GC invocations=8 (full 0):
 garbage-first heap   total 262144K, used 31049K [0x00000000e0000000, 0x0000000100000000)
  region size 1024K, 9 young (9216K), 9 survivors (9216K)
 Metaspace       used 35251K, committed 36608K, reserved 393216K
  class space    used 5174K, committed 5824K, reserved 327680K
}
Event: 141.467 GC heap before
{Heap before GC invocations=9 (full 0):
 garbage-first heap   total 262144K, used 177481K [0x00000000e0000000, 0x0000000100000000)
  region size 1024K, 153 young (156672K), 9 survivors (9216K)
 Metaspace       used 49482K, committed 51520K, reserved 393216K
  class space    used 7451K, committed 8448K, reserved 327680K
}
Event: 141.551 GC heap after
{Heap after GC invocations=10 (full 0):
 garbage-first heap   total 262144K, used 39637K [0x00000000e0000000, 0x0000000100000000)
  region size 1024K, 17 young (17408K), 17 survivors (17408K)
 Metaspace       used 49482K, committed 51520K, reserved 393216K
  class space    used 7451K, committed 8448K, reserved 327680K
}

