# JRE version: OpenJDK Runtime Environment Temurin-21.0.12.1+1 (21.0.12.1+1) (build 21.0.12.1+1-LTS)
# Java VM: OpenJDK 64-Bit Server VM Temurin-21.0.12.1+1 (21.0.12.1+1-LTS, mixed mode, sharing, tiered, compressed oops, compressed class ptrs, parallel gc, windows-amd64)
GC Precious Log:
 CardTable entry size: 512
 CPUs: 8 total, 8 available
 Memory: 7948M
 Large Page Support: Disabled
 NUMA Support: Disabled
 Compressed Oops: Enabled (Zero based)
 Alignments: Space 512K, Generation 512K, Heap 2M
 Heap Min Capacity: 100M
 Heap Initial Capacity: 100M
 Heap Max Capacity: 4G
 Pre-touch: Disabled
 Parallel Workers: 8
Heap:
 PSYoungGen      total 2560K, used 2303K [0x00000007aab00000, 0x00000007aae80000, 0x0000000800000000)
  eden space 1536K, 99% used [0x00000007aab00000,0x00000007aac7ffd8,0x00000007aac80000)
  from space 1024K, 75% used [0x00000007aad80000,0x00000007aae40000,0x00000007aae80000)
  to   space 1024K, 25% used [0x00000007aac80000,0x00000007aacc0000,0x00000007aad80000)
 ParOldGen       total 215040K, used 215032K [0x0000000700000000, 0x000000070d280000, 0x00000007aab00000)
  object space 215040K, 99% used [0x0000000700000000,0x000000070d1fe218,0x000000070d200000)
 Metaspace       used 68008K, committed 69504K, reserved 1114112K
  class space    used 7758K, committed 8448K, reserved 1048576K
GC Heap History (20 events):
Event: 101.983 GC heap after
{Heap after GC invocations=402 (full 3):
 PSYoungGen      total 1024K, used 464K [0x00000007aab00000, 0x00000007aae00000, 0x0000000800000000)
  eden space 512K, 0% used [0x00000007aab00000,0x00000007aab00000,0x00000007aab80000)
  from space 512K, 90% used [0x00000007aab80000,0x00000007aabf4018,0x00000007aac00000)
  to   space 1024K, 0% used [0x00000007aad00000,0x00000007aad00000,0x00000007aae00000)
 ParOldGen       total 212480K, used 211988K [0x0000000700000000, 0x000000070cf80000, 0x00000007aab00000)
  object space 212480K, 99% used [0x0000000700000000,0x000000070cf05338,0x000000070cf80000)
 Metaspace       used 67972K, committed 69504K, reserved 1114112K
  class space    used 7758K, committed 8448K, reserved 1048576K
}
Event: 101.983 GC heap before
{Heap before GC invocations=403 (full 3):
 PSYoungGen      total 1024K, used 976K [0x00000007aab00000, 0x00000007aae00000, 0x0000000800000000)
  eden space 512K, 100% used [0x00000007aab00000,0x00000007aab80000,0x00000007aab80000)
  from space 512K, 90% used [0x00000007aab80000,0x00000007aabf4018,0x00000007aac00000)
  to   space 1024K, 0% used [0x00000007aad00000,0x00000007aad00000,0x00000007aae00000)
 ParOldGen       total 212480K, used 211988K [0x0000000700000000, 0x000000070cf80000, 0x00000007aab00000)
  object space 212480K, 99% used [0x0000000700000000,0x000000070cf05338,0x000000070cf80000)
 Metaspace       used 67972K, committed 69504K, reserved 1114112K
  class space    used 7758K, committed 8448K, reserved 1048576K
}
Event: 101.986 GC heap after
{Heap after GC invocations=403 (full 3):
 PSYoungGen      total 2048K, used 480K [0x00000007aab00000, 0x00000007aae00000, 0x0000000800000000)
  eden space 1024K, 0% used [0x00000007aab00000,0x00000007aab00000,0x00000007aac00000)
  from space 1024K, 46% used [0x00000007aad00000,0x00000007aad78000,0x00000007aae00000)
  to   space 1024K, 0% used [0x00000007aac00000,0x00000007aac00000,0x00000007aad00000)
 ParOldGen       total 212480K, used 212320K [0x0000000700000000, 0x000000070cf80000, 0x00000007aab00000)
  object space 212480K, 99% used [0x0000000700000000,0x000000070cf58398,0x000000070cf80000)
 Metaspace       used 67972K, committed 69504K, reserved 1114112K
  class space    used 7758K, committed 8448K, reserved 1048576K
}
Event: 101.989 GC heap before
{Heap before GC invocations=404 (full 3):
 PSYoungGen      total 2048K, used 1503K [0x00000007aab00000, 0x00000007aae00000, 0x0000000800000000)
  eden space 1024K, 99% used [0x00000007aab00000,0x00000007aabffff8,0x00000007aac00000)
  from space 1024K, 46% used [0x00000007aad00000,0x00000007aad78000,0x00000007aae00000)
  to   space 1024K, 0% used [0x00000007aac00000,0x00000007aac00000,0x00000007aad00000)
 ParOldGen       total 212480K, used 212320K [0x0000000700000000, 0x000000070cf80000, 0x00000007aab00000)
  object space 212480K, 99% used [0x0000000700000000,0x000000070cf58398,0x000000070cf80000)
 Metaspace       used 67972K, committed 69504K, reserved 1114112K
  class space    used 7758K, committed 8448K, reserved 1048576K
}
Event: 101.992 GC heap after
{Heap after GC invocations=404 (full 3):
 PSYoungGen      total 2048K, used 832K [0x00000007aab00000, 0x00000007aae80000, 0x0000000800000000)
  eden space 1024K, 0% used [0x00000007aab00000,0x00000007aab00000,0x00000007aac00000)
  from space 1024K, 81% used [0x00000007aac00000,0x00000007aacd0000,0x00000007aad00000)
  to   space 1024K, 0% used [0x00000007aad80000,0x00000007aad80000,0x00000007aae80000)
 ParOldGen       total 212992K, used 212661K [0x0000000700000000, 0x000000070d000000, 0x00000007aab00000)
  object space 212992K, 99% used [0x0000000700000000,0x000000070cfad458,0x000000070d000000)
 Metaspace       used 67972K, committed 69504K, reserved 1114112K
  class space    used 7758K, committed 8448K, reserved 1048576K
}
Event: 102.024 GC heap before
{Heap before GC invocations=405 (full 3):
 PSYoungGen      total 2048K, used 1855K [0x00000007aab00000, 0x00000007aae80000, 0x0000000800000000)
  eden space 1024K, 99% used [0x00000007aab00000,0x00000007aabffff0,0x00000007aac00000)
  from space 1024K, 81% used [0x00000007aac00000,0x00000007aacd0000,0x00000007aad00000)
  to   space 1024K, 0% used [0x00000007aad80000,0x00000007aad80000,0x00000007aae80000)
 ParOldGen       total 212992K, used 212661K [0x0000000700000000, 0x000000070d000000, 0x00000007aab00000)
  object space 212992K, 99% used [0x0000000700000000,0x000000070cfad458,0x000000070d000000)
 Metaspace       used 67972K, committed 69504K, reserved 1114112K
  class space    used 7758K, committed 8448K, reserved 1048576K
}
Event: 102.027 GC heap after
{Heap after GC invocations=405 (full 3):
 PSYoungGen      total 2560K, used 512K [0x00000007aab00000, 0x00000007aae80000, 0x0000000800000000)
  eden space 1536K, 0% used [0x00000007aab00000,0x00000007aab00000,0x00000007aac80000)
  from space 1024K, 50% used [0x00000007aad80000,0x00000007aae00000,0x00000007aae80000)
  to   space 1024K, 0% used [0x00000007aac80000,0x00000007aac80000,0x00000007aad80000)
 ParOldGen       total 213504K, used 213365K [0x0000000700000000, 0x000000070d080000, 0x00000007aab00000)
  object space 213504K, 99% used [0x0000000700000000,0x000000070d05d560,0x000000070d080000)
 Metaspace       used 67972K, committed 69504K, reserved 1114112K
  class space    used 7758K, committed 8448K, reserved 1048576K
}
Event: 102.322 GC heap before
{Heap before GC invocations=406 (full 3):
 PSYoungGen      total 2560K, used 2048K [0x00000007aab00000, 0x00000007aae80000, 0x0000000800000000)
  eden space 1536K, 100% used [0x00000007aab00000,0x00000007aac80000,0x00000007aac80000)
  from space 1024K, 50% used [0x00000007aad80000,0x00000007aae00000,0x00000007aae80000)
  to   space 1024K, 0% used [0x00000007aac80000,0x00000007aac80000,0x00000007aad80000)
 ParOldGen       total 213504K, used 213365K [0x0000000700000000, 0x000000070d080000, 0x00000007aab00000)
  object space 213504K, 99% used [0x0000000700000000,0x000000070d05d560,0x000000070d080000)
 Metaspace       used 67975K, committed 69504K, reserved 1114112K
  class space    used 7758K, committed 8448K, reserved 1048576K
}
Event: 102.325 GC heap after
{Heap after GC invocations=406 (full 3):
 PSYoungGen      total 2560K, used 192K [0x00000007aab00000, 0x00000007aae00000, 0x0000000800000000)
  eden space 1536K, 0% used [0x00000007aab00000,0x00000007aab00000,0x00000007aac80000)
  from space 1024K, 18% used [0x00000007aac80000,0x00000007aacb0000,0x00000007aad80000)
  to   space 512K, 0% used [0x00000007aad80000,0x00000007aad80000,0x00000007aae00000)
 ParOldGen       total 214016K, used 213765K [0x0000000700000000, 0x000000070d100000, 0x00000007aab00000)
  object space 214016K, 99% used [0x0000000700000000,0x000000070d0c1560,0x000000070d100000)
 Metaspace       used 67975K, committed 69504K, reserved 1114112K
  class space    used 7758K, committed 8448K, reserved 1048576K
}
Event: 102.521 GC heap before
{Heap before GC invocations=407 (full 3):
 PSYoungGen      total 2560K, used 1727K [0x00000007aab00000, 0x00000007aae00000, 0x0000000800000000)
  eden space 1536K, 99% used [0x00000007aab00000,0x00000007aac7fee8,0x00000007aac80000)
  from space 1024K, 18% used [0x00000007aac80000,0x00000007aacb0000,0x00000007aad80000)
  to   space 512K, 0% used [0x00000007aad80000,0x00000007aad80000,0x00000007aae00000)
 ParOldGen       total 214016K, used 213765K [0x0000000700000000, 0x000000070d100000, 0x00000007aab00000)
  object space 214016K, 99% used [0x0000000700000000,0x000000070d0c1560,0x000000070d100000)
 Metaspace       used 67975K, committed 69504K, reserved 1114112K
  class space    used 7758K, committed 8448K, reserved 1048576K
}
Event: 102.524 GC heap after
{Heap after GC invocations=407 (full 3):
 PSYoungGen      total 2048K, used 192K [0x00000007aab00000, 0x00000007aae00000, 0x0000000800000000)
  eden space 1536K, 0% used [0x00000007aab00000,0x00000007aab00000,0x00000007aac80000)
  from space 512K, 37% used [0x00000007aad80000,0x00000007aadb0000,0x00000007aae00000)
  to   space 512K, 0% used [0x00000007aad00000,0x00000007aad00000,0x00000007aad80000)
 ParOldGen       total 214016K, used 213829K [0x0000000700000000, 0x000000070d100000, 0x00000007aab00000)
  object space 214016K, 99% used [0x0000000700000000,0x000000070d0d1580,0x000000070d100000)
 Metaspace       used 67975K, committed 69504K, reserved 1114112K
  class space    used 7758K, committed 8448K, reserved 1048576K
}
Event: 103.194 GC heap before
{Heap before GC invocations=408 (full 3):
 PSYoungGen      total 2048K, used 1727K [0x00000007aab00000, 0x00000007aae00000, 0x0000000800000000)
  eden space 1536K, 99% used [0x00000007aab00000,0x00000007aac7fff8,0x00000007aac80000)
  from space 512K, 37% used [0x00000007aad80000,0x00000007aadb0000,0x00000007aae00000)
  to   space 512K, 0% used [0x00000007aad00000,0x00000007aad00000,0x00000007aad80000)
 ParOldGen       total 214016K, used 213829K [0x0000000700000000, 0x000000070d100000, 0x00000007aab00000)
  object space 214016K, 99% used [0x0000000700000000,0x000000070d0d1580,0x000000070d100000)
 Metaspace       used 67978K, committed 69504K, reserved 1114112K
  class space    used 7758K, committed 8448K, reserved 1048576K
}
Event: 103.196 GC heap after
{Heap after GC invocations=408 (full 3):
 PSYoungGen      total 2048K, used 224K [0x00000007aab00000, 0x00000007aae00000, 0x0000000800000000)
  eden space 1536K, 0% used [0x00000007aab00000,0x00000007aab00000,0x00000007aac80000)
  from space 512K, 43% used [0x00000007aad00000,0x00000007aad38000,0x00000007aad80000)
  to   space 512K, 0% used [0x00000007aad80000,0x00000007aad80000,0x00000007aae00000)
 ParOldGen       total 214016K, used 213885K [0x0000000700000000, 0x000000070d100000, 0x00000007aab00000)
  object space 214016K, 99% used [0x0000000700000000,0x000000070d0df580,0x000000070d100000)
 Metaspace       used 67978K, committed 69504K, reserved 1114112K
  class space    used 7758K, committed 8448K, reserved 1048576K
}
Event: 103.554 GC heap before
{Heap before GC invocations=409 (full 3):
 PSYoungGen      total 2048K, used 1759K [0x00000007aab00000, 0x00000007aae00000, 0x0000000800000000)
  eden space 1536K, 99% used [0x00000007aab00000,0x00000007aac7ffb8,0x00000007aac80000)
  from space 512K, 43% used [0x00000007aad00000,0x00000007aad38000,0x00000007aad80000)
  to   space 512K, 0% used [0x00000007aad80000,0x00000007aad80000,0x00000007aae00000)
 ParOldGen       total 214016K, used 213885K [0x0000000700000000, 0x000000070d100000, 0x00000007aab00000)
  object space 214016K, 99% used [0x0000000700000000,0x000000070d0df580,0x000000070d100000)
 Metaspace       used 67997K, committed 69504K, reserved 1114112K
  class space    used 7758K, committed 8448K, reserved 1048576K
}
Event: 103.556 GC heap after
{Heap after GC invocations=409 (full 3):
 PSYoungGen      total 2048K, used 256K [0x00000007aab00000, 0x00000007aae00000, 0x0000000800000000)
  eden space 1536K, 0% used [0x00000007aab00000,0x00000007aab00000,0x00000007aac80000)
  from space 512K, 50% used [0x00000007aad80000,0x00000007aadc0000,0x00000007aae00000)
  to   space 512K, 0% used [0x00000007aad00000,0x00000007aad00000,0x00000007aad80000)
 ParOldGen       total 214016K, used 213965K [0x0000000700000000, 0x000000070d100000, 0x00000007aab00000)
  object space 214016K, 99% used [0x0000000700000000,0x000000070d0f3580,0x000000070d100000)
 Metaspace       used 67997K, committed 69504K, reserved 1114112K
  class space    used 7758K, committed 8448K, reserved 1048576K
}
Event: 103.674 GC heap before
{Heap before GC invocations=410 (full 3):
 PSYoungGen      total 2048K, used 1791K [0x00000007aab00000, 0x00000007aae00000, 0x0000000800000000)
  eden space 1536K, 99% used [0x00000007aab00000,0x00000007aac7ffe8,0x00000007aac80000)
  from space 512K, 50% used [0x00000007aad80000,0x00000007aadc0000,0x00000007aae00000)
  to   space 512K, 0% used [0x00000007aad00000,0x00000007aad00000,0x00000007aad80000)
 ParOldGen       total 214016K, used 213965K [0x0000000700000000, 0x000000070d100000, 0x00000007aab00000)
  object space 214016K, 99% used [0x0000000700000000,0x000000070d0f3580,0x000000070d100000)
 Metaspace       used 67999K, committed 69504K, reserved 1114112K
  class space    used 7758K, committed 8448K, reserved 1048576K
}
Event: 103.677 GC heap after
{Heap after GC invocations=410 (full 3):
 PSYoungGen      total 2048K, used 495K [0x00000007aab00000, 0x00000007aae80000, 0x0000000800000000)
  eden space 1536K, 0% used [0x00000007aab00000,0x00000007aab00000,0x00000007aac80000)
  from space 512K, 96% used [0x00000007aad00000,0x00000007aad7bc58,0x00000007aad80000)
  to   space 1024K, 0% used [0x00000007aad80000,0x00000007aad80000,0x00000007aae80000)
 ParOldGen       total 214528K, used 214105K [0x0000000700000000, 0x000000070d180000, 0x00000007aab00000)
  object space 214528K, 99% used [0x0000000700000000,0x000000070d1165b0,0x000000070d180000)
 Metaspace       used 67999K, committed 69504K, reserved 1114112K
  class space    used 7758K, committed 8448K, reserved 1048576K
}
Event: 103.826 GC heap before
{Heap before GC invocations=411 (full 3):
 PSYoungGen      total 2048K, used 2030K [0x00000007aab00000, 0x00000007aae80000, 0x0000000800000000)
  eden space 1536K, 99% used [0x00000007aab00000,0x00000007aac7ff58,0x00000007aac80000)
  from space 512K, 96% used [0x00000007aad00000,0x00000007aad7bc58,0x00000007aad80000)
  to   space 1024K, 0% used [0x00000007aad80000,0x00000007aad80000,0x00000007aae80000)
 ParOldGen       total 214528K, used 214105K [0x0000000700000000, 0x000000070d180000, 0x00000007aab00000)
  object space 214528K, 99% used [0x0000000700000000,0x000000070d1165b0,0x000000070d180000)
 Metaspace       used 68003K, committed 69504K, reserved 1114112K
  class space    used 7758K, committed 8448K, reserved 1048576K
}
Event: 103.830 GC heap after
{Heap after GC invocations=411 (full 3):
 PSYoungGen      total 2560K, used 768K [0x00000007aab00000, 0x00000007aae80000, 0x0000000800000000)
  eden space 1536K, 0% used [0x00000007aab00000,0x00000007aab00000,0x00000007aac80000)
  from space 1024K, 75% used [0x00000007aad80000,0x00000007aae40000,0x00000007aae80000)
  to   space 1024K, 0% used [0x00000007aac80000,0x00000007aac80000,0x00000007aad80000)
 ParOldGen       total 215040K, used 214568K [0x0000000700000000, 0x000000070d200000, 0x00000007aab00000)
  object space 215040K, 99% used [0x0000000700000000,0x000000070d18a218,0x000000070d200000)
 Metaspace       used 68003K, committed 69504K, reserved 1114112K
  class space    used 7758K, committed 8448K, reserved 1048576K
}
Event: 104.076 GC heap before
{Heap before GC invocations=412 (full 3):
 PSYoungGen      total 2560K, used 2303K [0x00000007aab00000, 0x00000007aae80000, 0x0000000800000000)
  eden space 1536K, 99% used [0x00000007aab00000,0x00000007aac7ffd8,0x00000007aac80000)
  from space 1024K, 75% used [0x00000007aad80000,0x00000007aae40000,0x00000007aae80000)
  to   space 1024K, 0% used [0x00000007aac80000,0x00000007aac80000,0x00000007aad80000)
 ParOldGen       total 215040K, used 214568K [0x0000000700000000, 0x000000070d200000, 0x00000007aab00000)
  object space 215040K, 99% used [0x0000000700000000,0x000000070d18a218,0x000000070d200000)
 Metaspace       used 68008K, committed 69504K, reserved 1114112K
  class space    used 7758K, committed 8448K, reserved 1048576K
}

